
----------------------InfoLog --------------------------
2022-06-01 18:14:22,824 [1] INFO  [Title]:系统启动！	[LogContent]:初始化已完成！
2022-06-01 18:14:27,522 [9] INFO  [Title]:一维扫码枪服务启动	[LogContent]:127.0.0.1 : 8099等待连接
2022-06-01 18:14:32,533 [11] INFO  [Title]:plc连接状态	[LogContent]:断开连接，重连PLC
2022-06-01 18:14:49,554 [4] INFO  [Title]:plc连接状态	[LogContent]:断开连接，重连PLC
2022-06-01 18:15:06,560 [4] INFO  [Title]:plc连接状态	[LogContent]:断开连接，重连PLC
2022-06-01 18:15:23,575 [14] INFO  [Title]:plc连接状态	[LogContent]:断开连接，重连PLC
2022-06-01 18:15:40,592 [14] INFO  [Title]:plc连接状态	[LogContent]:断开连接，重连PLC
2022-06-01 18:16:15,777 [5] INFO  [Title]:plc连接状态	[LogContent]:断开连接，重连PLC
2022-06-01 18:16:37,486 [14] INFO  [Title]:保存CarInfo对象到数据库	[LogContent]:耗时：355 毫秒
2022-06-01 18:16:37,506 [14] INFO  [Title]:保存SaveData对象到数据库	[LogContent]:耗时：20 毫秒
2022-06-01 18:16:42,122 [11] INFO  [Title]:plc连接状态	[LogContent]:断开连接，重连PLC
2022-06-01 18:17:00,945 [4] INFO  [Title]:plc连接状态	[LogContent]:断开连接，重连PLC
2022-06-01 18:17:45,740 [11] INFO  [Title]:plc连接状态	[LogContent]:断开连接，重连PLC
2022-06-01 18:26:53,143 [12] INFO  [Title]:保存CarInfo对象到数据库	[LogContent]:耗时：385 毫秒
2022-06-01 18:26:53,162 [12] INFO  [Title]:保存SaveData对象到数据库	[LogContent]:耗时：19 毫秒

----------------------InfoLog --------------------------
2022-06-01 18:29:08,626 [1] INFO  [Title]:系统启动！	[LogContent]:初始化已完成！
2022-06-01 18:29:20,296 [1] INFO  [Title]:保存CarInfo对象到数据库	[LogContent]:耗时：371 毫秒
2022-06-01 18:29:20,323 [1] INFO  [Title]:保存SaveData对象到数据库	[LogContent]:耗时：27 毫秒
2022-06-01 18:29:20,323 [1] INFO  [Title]:系统关闭！	[LogContent]:备份文件完毕！

 ----------------------InfoLog --------------------------

----------------------InfoLog --------------------------
2022-06-01 18:29:48,808 [1] INFO  [Title]:系统启动！	[LogContent]:初始化已完成！
2022-06-01 18:30:12,288 [9] INFO  [Title]:一维扫码枪服务启动	[LogContent]:127.0.0.1 : 8099等待连接
2022-06-01 18:30:17,297 [12] INFO  [Title]:plc连接状态	[LogContent]:断开连接，重连PLC
2022-06-01 18:30:34,315 [5] INFO  [Title]:plc连接状态	[LogContent]:断开连接，重连PLC
2022-06-01 18:30:51,325 [4] INFO  [Title]:plc连接状态	[LogContent]:断开连接，重连PLC

----------------------InfoLog --------------------------
2022-06-01 19:31:28,751 [1] INFO  [Title]:系统启动！	[LogContent]:初始化已完成！
2022-06-01 19:31:49,542 [1] INFO  [Title]:保存CarInfo对象到数据库	[LogContent]:耗时：360 毫秒
2022-06-01 19:31:49,568 [1] INFO  [Title]:保存SaveData对象到数据库	[LogContent]:耗时：25 毫秒
2022-06-01 19:31:49,568 [1] INFO  [Title]:系统关闭！	[LogContent]:备份文件完毕！

 ----------------------InfoLog --------------------------

----------------------InfoLog --------------------------
2022-06-01 19:34:46,788 [1] INFO  [Title]:系统启动！	[LogContent]:初始化已完成！
2022-06-01 19:34:51,483 [9] INFO  [Title]:一维扫码枪服务启动	[LogContent]:127.0.0.1 : 8099等待连接
2022-06-01 19:34:56,483 [4] INFO  [Title]:plc连接状态	[LogContent]:断开连接，重连PLC
2022-06-01 19:35:10,952 [1] INFO  [Title]:保存CarInfo对象到数据库	[LogContent]:耗时：353 毫秒
2022-06-01 19:35:10,975 [1] INFO  [Title]:保存SaveData对象到数据库	[LogContent]:耗时：23 毫秒
2022-06-01 19:35:10,975 [1] INFO  [Title]:系统关闭！	[LogContent]:备份文件完毕！

 ----------------------InfoLog --------------------------

----------------------InfoLog --------------------------
2022-06-01 19:47:33,792 [1] INFO  [Title]:系统启动！	[LogContent]:初始化已完成！
2022-06-01 19:47:57,347 [8] INFO  [Title]:一维扫码枪服务启动	[LogContent]:127.0.0.1 : 8099等待连接
2022-06-01 19:48:14,433 [11] INFO  [Title]:plc连接状态	[LogContent]:断开连接，重连PLC

----------------------InfoLog --------------------------
2022-06-01 19:58:22,758 [1] INFO  [Title]:系统启动！	[LogContent]:初始化已完成！
2022-06-01 19:58:46,207 [9] INFO  [Title]:一维扫码枪服务启动	[LogContent]:127.0.0.1 : 8099等待连接
2022-06-01 19:58:51,219 [4] INFO  [Title]:plc连接状态	[LogContent]:断开连接，重连PLC
2022-06-01 19:59:08,232 [4] INFO  [Title]:plc连接状态	[LogContent]:断开连接，重连PLC
2022-06-01 19:59:25,253 [12] INFO  [Title]:plc连接状态	[LogContent]:断开连接，重连PLC
2022-06-01 19:59:42,264 [14] INFO  [Title]:plc连接状态	[LogContent]:断开连接，重连PLC
2022-06-01 19:59:59,279 [4] INFO  [Title]:plc连接状态	[LogContent]:断开连接，重连PLC
2022-06-01 20:00:08,311 [1] INFO  [Title]:保存CarInfo对象到数据库	[LogContent]:耗时：351 毫秒
2022-06-01 20:00:08,339 [1] INFO  [Title]:保存SaveData对象到数据库	[LogContent]:耗时：28 毫秒
2022-06-01 20:00:08,339 [1] INFO  [Title]:系统关闭！	[LogContent]:备份文件完毕！

 ----------------------InfoLog --------------------------

----------------------InfoLog --------------------------
2022-06-01 20:02:27,845 [1] INFO  [Title]:系统启动！	[LogContent]:初始化已完成！
2022-06-01 20:02:32,358 [9] INFO  [Title]:一维扫码枪服务启动	[LogContent]:127.0.0.1 : 8099等待连接
2022-06-01 20:02:37,360 [5] INFO  [Title]:plc连接状态	[LogContent]:断开连接，重连PLC
2022-06-01 20:02:52,752 [1] INFO  [Title]:保存CarInfo对象到数据库	[LogContent]:耗时：324 毫秒
2022-06-01 20:02:52,774 [1] INFO  [Title]:保存SaveData对象到数据库	[LogContent]:耗时：22 毫秒
2022-06-01 20:02:52,774 [1] INFO  [Title]:系统关闭！	[LogContent]:备份文件完毕！

 ----------------------InfoLog --------------------------

----------------------InfoLog --------------------------
2022-06-01 20:05:52,988 [1] INFO  [Title]:系统启动！	[LogContent]:初始化已完成！

----------------------InfoLog --------------------------
2022-06-01 20:10:20,202 [1] INFO  [Title]:系统启动！	[LogContent]:初始化已完成！
2022-06-01 20:10:21,157 [1] INFO  [Title]:软件启动对工艺参数的设置	[LogContent]:写入plc"3401"成功
2022-06-01 20:10:21,158 [1] INFO  [Title]:计算出炉校验温度合格条数	[LogContent]:总工艺时间333 - 预热最大时间40 = 293 分钟
2022-06-01 20:10:22,673 [9] INFO  [Title]:一维扫码枪服务启动	[LogContent]:127.0.0.1 : 8099等待连接
2022-06-01 20:10:33,163 [11] INFO  [Title]:故障停机	[LogContent]:真空七发生故障停机，真空腔里有小车3，小车已有累计工艺故障时长为0分钟
2022-06-01 20:10:33,164 [6] INFO  [Title]:故障停机	[LogContent]:真空八发生故障停机，真空腔里有小车5，小车已有累计工艺故障时长为0分钟
2022-06-01 20:10:33,165 [6] INFO  [Title]:故障停机	[LogContent]:真空十一发生故障停机，真空腔里有小车7，小车已有累计工艺故障时长为0分钟
2022-06-01 20:10:39,891 [11] INFO  [Title]:新增报警	[LogContent]:报警下标102,报警内容:电箱风扇21旋转异常提示
2022-06-01 20:10:39,902 [11] INFO  [Title]:新增报警	[LogContent]:报警下标105,报警内容:电箱风扇24旋转异常提示
2022-06-01 20:10:39,914 [11] INFO  [Title]:新增报警	[LogContent]:报警下标125,报警内容:电箱风扇44旋转异常提示
2022-06-01 20:10:39,925 [11] INFO  [Title]:新增报警	[LogContent]:报警下标511,报警内容:入料物流分拣夹紧气缸传感器信号异常

----------------------InfoLog --------------------------
2022-06-01 20:12:17,601 [1] INFO  [Title]:系统启动！	[LogContent]:初始化已完成！
2022-06-01 20:12:18,471 [1] INFO  [Title]:软件启动对工艺参数的设置	[LogContent]:写入plc"3401"成功
2022-06-01 20:12:18,473 [1] INFO  [Title]:计算出炉校验温度合格条数	[LogContent]:总工艺时间333 - 预热最大时间40 = 293 分钟
2022-06-01 20:12:20,064 [9] INFO  [Title]:一维扫码枪服务启动	[LogContent]:127.0.0.1 : 8099等待连接
2022-06-01 20:12:30,118 [12] INFO  [Title]:故障停机	[LogContent]:真空八发生故障停机，真空腔里有小车5，小车已有累计工艺故障时长为0分钟
2022-06-01 20:12:30,119 [4] INFO  [Title]:故障停机	[LogContent]:真空七发生故障停机，真空腔里有小车3，小车已有累计工艺故障时长为0分钟
2022-06-01 20:12:30,120 [4] INFO  [Title]:故障停机	[LogContent]:真空十一发生故障停机，真空腔里有小车7，小车已有累计工艺故障时长为0分钟
2022-06-01 20:12:32,148 [11] INFO  [Title]:新增报警	[LogContent]:报警下标102,报警内容:电箱风扇21旋转异常提示
2022-06-01 20:12:32,149 [11] INFO  [Title]:新增报警	[LogContent]:报警下标105,报警内容:电箱风扇24旋转异常提示
2022-06-01 20:12:32,150 [11] INFO  [Title]:新增报警	[LogContent]:报警下标125,报警内容:电箱风扇44旋转异常提示
2022-06-01 20:12:32,150 [11] INFO  [Title]:新增报警	[LogContent]:报警下标511,报警内容:入料物流分拣夹紧气缸传感器信号异常
2022-06-01 20:14:20,433 [11] INFO  [Title]:保存CarInfo对象到数据库	[LogContent]:耗时：369 毫秒
2022-06-01 20:14:20,462 [11] INFO  [Title]:保存SaveData对象到数据库	[LogContent]:耗时：28 毫秒
2022-06-01 20:14:55,526 [26] INFO  [Title]:新增报警	[LogContent]:报警下标480,报警内容:摆渡1纵向运动定位完成后定位传感器异常
2022-06-01 20:15:21,262 [23] INFO  [Title]:消除报警	[LogContent]:报警地址511-2,报警内容:入料物流分拣夹紧气缸传感器信号异常
2022-06-01 20:15:26,342 [25] INFO  [Title]:消除报警	[LogContent]:报警地址480-3,报警内容:摆渡1纵向运动定位完成后定位传感器异常
2022-06-01 20:15:31,492 [12] INFO  [Title]:新增报警	[LogContent]:报警下标511,报警内容:入料物流分拣夹紧气缸传感器信号异常
2022-06-01 20:16:12,493 [11] INFO  [Title]:消除报警	[LogContent]:报警地址511-2,报警内容:入料物流分拣夹紧气缸传感器信号异常
2022-06-01 20:16:17,592 [6] INFO  [Title]:新增报警	[LogContent]:报警下标511,报警内容:入料物流分拣夹紧气缸传感器信号异常
2022-06-01 20:16:21,290 [21] INFO  [Title]:保存CarInfo对象到数据库	[LogContent]:耗时：824 毫秒
2022-06-01 20:16:21,313 [21] INFO  [Title]:保存SaveData对象到数据库	[LogContent]:耗时：23 毫秒
2022-06-01 20:16:27,901 [5] INFO  [Title]:消除报警	[LogContent]:报警地址511-2,报警内容:入料物流分拣夹紧气缸传感器信号异常
2022-06-01 20:16:33,946 [1] INFO  [Title]:保存CarInfo对象到数据库	[LogContent]:耗时：2278 毫秒
2022-06-01 20:16:33,971 [1] INFO  [Title]:保存SaveData对象到数据库	[LogContent]:耗时：24 毫秒
2022-06-01 20:16:33,972 [1] INFO  [Title]:系统关闭！	[LogContent]:备份文件完毕！

 ----------------------InfoLog --------------------------

----------------------InfoLog --------------------------
2022-06-01 20:46:56,844 [1] INFO  [Title]:系统启动！	[LogContent]:初始化已完成！
2022-06-01 20:46:57,819 [1] INFO  [Title]:软件启动对工艺参数的设置	[LogContent]:写入plc"3401"成功
2022-06-01 20:46:57,821 [1] INFO  [Title]:计算出炉校验温度合格条数	[LogContent]:总工艺时间333 - 预热最大时间40 = 293 分钟
2022-06-01 20:46:59,318 [9] INFO  [Title]:一维扫码枪服务启动	[LogContent]:127.0.0.1 : 8099等待连接
2022-06-01 20:47:11,428 [4] INFO  [Title]:新增报警	[LogContent]:报警下标102,报警内容:电箱风扇21旋转异常提示
2022-06-01 20:47:11,442 [4] INFO  [Title]:新增报警	[LogContent]:报警下标105,报警内容:电箱风扇24旋转异常提示
2022-06-01 20:47:11,457 [4] INFO  [Title]:新增报警	[LogContent]:报警下标125,报警内容:电箱风扇44旋转异常提示
2022-06-01 20:47:11,468 [4] INFO  [Title]:新增报警	[LogContent]:报警下标511,报警内容:入料物流分拣夹紧气缸传感器信号异常
2022-06-01 20:47:11,478 [4] INFO  [Title]:小车报警信息	[LogContent]:小车位置为[1004] 小车获取PLC地址位[1403]的编号为[13]
2022-06-01 20:47:11,478 [4] INFO  [Title]:新增报警	[LogContent]:报警下标674,报警内容:腔体3横向开往摆渡1，摆渡推轴初始位位置定位报警异常

----------------------InfoLog --------------------------
2022-06-01 21:07:31,990 [1] INFO  [Title]:系统启动！	[LogContent]:初始化已完成！
2022-06-01 21:07:32,989 [1] INFO  [Title]:软件启动对工艺参数的设置	[LogContent]:写入plc"3401"成功
2022-06-01 21:07:32,991 [1] INFO  [Title]:计算出炉校验温度合格条数	[LogContent]:总工艺时间333 - 预热最大时间40 = 293 分钟
2022-06-01 21:07:34,928 [9] INFO  [Title]:一维扫码枪服务启动	[LogContent]:127.0.0.1 : 8099等待连接
2022-06-01 21:07:47,047 [4] INFO  [Title]:新增报警	[LogContent]:报警下标102,报警内容:电箱风扇21旋转异常提示
2022-06-01 21:07:47,048 [4] INFO  [Title]:新增报警	[LogContent]:报警下标105,报警内容:电箱风扇24旋转异常提示
2022-06-01 21:07:47,048 [4] INFO  [Title]:新增报警	[LogContent]:报警下标125,报警内容:电箱风扇44旋转异常提示
2022-06-01 21:07:47,048 [4] INFO  [Title]:新增报警	[LogContent]:报警下标511,报警内容:入料物流分拣夹紧气缸传感器信号异常
2022-06-01 21:07:47,059 [4] INFO  [Title]:小车报警信息	[LogContent]:小车位置为[1009] 小车获取PLC地址位[1903]的编号为[5]
2022-06-01 21:07:47,059 [4] INFO  [Title]:新增报警	[LogContent]:报警下标679,报警内容:开腔体8门条件不足
2022-06-01 21:07:52,186 [5] INFO  [Title]:消除报警	[LogContent]:报警地址511-2,报警内容:入料物流分拣夹紧气缸传感器信号异常
2022-06-01 21:07:57,352 [14] INFO  [Title]:新增报警	[LogContent]:报警下标511,报警内容:入料物流分拣夹紧气缸传感器信号异常
2022-06-01 21:09:35,273 [13] INFO  [Title]:保存CarInfo对象到数据库	[LogContent]:耗时：335 毫秒
2022-06-01 21:09:35,301 [13] INFO  [Title]:保存SaveData对象到数据库	[LogContent]:耗时：27 毫秒
2022-06-01 21:11:35,676 [30] INFO  [Title]:保存CarInfo对象到数据库	[LogContent]:耗时：363 毫秒
2022-06-01 21:11:35,698 [30] INFO  [Title]:保存SaveData对象到数据库	[LogContent]:耗时：22 毫秒
2022-06-01 21:12:01,810 [1] INFO  [Title]:保存CarInfo对象到数据库	[LogContent]:耗时：1336 毫秒
2022-06-01 21:12:01,838 [1] INFO  [Title]:保存SaveData对象到数据库	[LogContent]:耗时：28 毫秒
2022-06-01 21:12:01,840 [1] INFO  [Title]:系统关闭！	[LogContent]:备份文件完毕！

 ----------------------InfoLog --------------------------

----------------------InfoLog --------------------------
2022-06-01 21:54:25,618 [1] INFO  [Title]:系统启动！	[LogContent]:初始化已完成！
2022-06-01 21:54:26,229 [9] INFO  [Title]:一维扫码枪服务启动	[LogContent]:127.0.0.1 : 8099等待连接
2022-06-01 21:54:31,245 [11] INFO  [Title]:plc连接状态	[LogContent]:断开连接，重连PLC
2022-06-01 21:54:46,368 [11] INFO  [Title]:plc连接状态	[LogContent]:断开连接，重连PLC
2022-06-01 21:54:58,747 [1] INFO  [Title]:保存工艺参数	[LogContent]:写入plc"3401"成功
2022-06-01 21:55:01,484 [11] INFO  [Title]:plc连接状态	[LogContent]:断开连接，重连PLC
2022-06-01 21:55:12,774 [1] INFO  [Title]:保存工艺参数	[LogContent]:写入plc"3401"成功
2022-06-01 21:55:16,597 [11] INFO  [Title]:plc连接状态	[LogContent]:断开连接，重连PLC
2022-06-01 21:55:31,713 [4] INFO  [Title]:plc连接状态	[LogContent]:断开连接，重连PLC
2022-06-01 21:55:47,557 [13] INFO  [Title]:plc连接状态	[LogContent]:断开连接，重连PLC

----------------------InfoLog --------------------------
2022-06-01 22:16:08,262 [1] INFO  [Title]:系统启动！	[LogContent]:初始化已完成！
2022-06-01 22:16:09,323 [1] INFO  [Title]:软件启动对工艺参数的设置	[LogContent]:写入plc"3401"成功
2022-06-01 22:16:09,324 [1] INFO  [Title]:计算出炉校验温度合格条数	[LogContent]:总工艺时间333 - 预热最大时间40 = 293 分钟
2022-06-01 22:16:10,801 [9] INFO  [Title]:一维扫码枪服务启动	[LogContent]:127.0.0.1 : 8099等待连接
2022-06-01 22:16:22,892 [12] INFO  [Title]:新增报警	[LogContent]:报警下标102,报警内容:电箱风扇21旋转异常提示
2022-06-01 22:16:22,893 [12] INFO  [Title]:新增报警	[LogContent]:报警下标105,报警内容:电箱风扇24旋转异常提示
2022-06-01 22:16:22,893 [12] INFO  [Title]:新增报警	[LogContent]:报警下标125,报警内容:电箱风扇44旋转异常提示
2022-06-01 22:16:22,894 [12] INFO  [Title]:新增报警	[LogContent]:报警下标489,报警内容:上料提升滚筒电机启动超时
2022-06-01 22:16:22,894 [12] INFO  [Title]:新增报警	[LogContent]:报警下标511,报警内容:入料物流分拣夹紧气缸传感器信号异常
2022-06-01 22:16:22,903 [12] INFO  [Title]:小车报警信息	[LogContent]:小车位置为[1009] 小车获取PLC地址位[1903]的编号为[5]
2022-06-01 22:16:22,903 [12] INFO  [Title]:新增报警	[LogContent]:报警下标679,报警内容:开腔体8门条件不足
2022-06-01 22:18:11,103 [18] INFO  [Title]:保存CarInfo对象到数据库	[LogContent]:耗时：288 毫秒
2022-06-01 22:18:11,127 [18] INFO  [Title]:保存SaveData对象到数据库	[LogContent]:耗时：23 毫秒
2022-06-01 22:20:11,416 [15] INFO  [Title]:保存CarInfo对象到数据库	[LogContent]:耗时：280 毫秒
2022-06-01 22:20:11,434 [15] INFO  [Title]:保存SaveData对象到数据库	[LogContent]:耗时：18 毫秒
2022-06-01 22:22:11,728 [28] INFO  [Title]:保存CarInfo对象到数据库	[LogContent]:耗时：277 毫秒
2022-06-01 22:22:11,745 [28] INFO  [Title]:保存SaveData对象到数据库	[LogContent]:耗时：17 毫秒
2022-06-01 22:24:12,033 [13] INFO  [Title]:保存CarInfo对象到数据库	[LogContent]:耗时：277 毫秒
2022-06-01 22:24:12,051 [13] INFO  [Title]:保存SaveData对象到数据库	[LogContent]:耗时：18 毫秒
2022-06-01 22:26:12,351 [31] INFO  [Title]:保存CarInfo对象到数据库	[LogContent]:耗时：298 毫秒
2022-06-01 22:26:12,368 [31] INFO  [Title]:保存SaveData对象到数据库	[LogContent]:耗时：15 毫秒
2022-06-01 22:28:12,656 [14] INFO  [Title]:保存CarInfo对象到数据库	[LogContent]:耗时：288 毫秒
2022-06-01 22:28:12,674 [14] INFO  [Title]:保存SaveData对象到数据库	[LogContent]:耗时：18 毫秒
2022-06-01 22:30:12,950 [29] INFO  [Title]:保存CarInfo对象到数据库	[LogContent]:耗时：263 毫秒
2022-06-01 22:30:12,964 [29] INFO  [Title]:保存SaveData对象到数据库	[LogContent]:耗时：13 毫秒
2022-06-01 22:32:13,250 [14] INFO  [Title]:保存CarInfo对象到数据库	[LogContent]:耗时：275 毫秒
2022-06-01 22:32:13,269 [14] INFO  [Title]:保存SaveData对象到数据库	[LogContent]:耗时：18 毫秒
2022-06-01 22:34:13,556 [20] INFO  [Title]:保存CarInfo对象到数据库	[LogContent]:耗时：284 毫秒
2022-06-01 22:34:13,576 [20] INFO  [Title]:保存SaveData对象到数据库	[LogContent]:耗时：18 毫秒
2022-06-01 22:36:13,893 [20] INFO  [Title]:保存CarInfo对象到数据库	[LogContent]:耗时：316 毫秒
2022-06-01 22:36:13,915 [20] INFO  [Title]:保存SaveData对象到数据库	[LogContent]:耗时：22 毫秒
2022-06-01 22:38:14,469 [25] INFO  [Title]:保存CarInfo对象到数据库	[LogContent]:耗时：541 毫秒
2022-06-01 22:38:14,487 [25] INFO  [Title]:保存SaveData对象到数据库	[LogContent]:耗时：18 毫秒
2022-06-01 22:40:15,771 [16] INFO  [Title]:保存CarInfo对象到数据库	[LogContent]:耗时：1271 毫秒
2022-06-01 22:40:15,791 [16] INFO  [Title]:保存SaveData对象到数据库	[LogContent]:耗时：20 毫秒

----------------------InfoLog --------------------------
2022-06-01 22:41:36,914 [1] INFO  [Title]:系统启动！	[LogContent]:初始化已完成！
2022-06-01 22:41:37,685 [1] INFO  [Title]:软件启动对工艺参数的设置	[LogContent]:写入plc"3401"成功
2022-06-01 22:41:37,686 [1] INFO  [Title]:计算出炉校验温度合格条数	[LogContent]:总工艺时间333 - 预热最大时间40 = 293 分钟
2022-06-01 22:41:39,329 [9] INFO  [Title]:一维扫码枪服务启动	[LogContent]:127.0.0.1 : 8099等待连接
2022-06-01 22:41:51,429 [5] INFO  [Title]:新增报警	[LogContent]:报警下标102,报警内容:电箱风扇21旋转异常提示
2022-06-01 22:41:51,429 [5] INFO  [Title]:新增报警	[LogContent]:报警下标105,报警内容:电箱风扇24旋转异常提示
2022-06-01 22:41:51,430 [5] INFO  [Title]:新增报警	[LogContent]:报警下标125,报警内容:电箱风扇44旋转异常提示
2022-06-01 22:41:51,430 [5] INFO  [Title]:新增报警	[LogContent]:报警下标489,报警内容:上料提升滚筒电机启动超时
2022-06-01 22:41:51,431 [5] INFO  [Title]:新增报警	[LogContent]:报警下标511,报警内容:入料物流分拣夹紧气缸传感器信号异常
2022-06-01 22:41:51,450 [5] INFO  [Title]:小车报警信息	[LogContent]:小车位置为[1009] 小车获取PLC地址位[1903]的编号为[5]
2022-06-01 22:41:51,451 [5] INFO  [Title]:新增报警	[LogContent]:报警下标679,报警内容:开腔体8门条件不足
2022-06-01 22:41:51,555 [1] INFO  [Title]:保存CarInfo对象到数据库	[LogContent]:耗时：296 毫秒
2022-06-01 22:41:51,577 [1] INFO  [Title]:保存SaveData对象到数据库	[LogContent]:耗时：21 毫秒
2022-06-01 22:41:51,581 [1] INFO  [Title]:系统关闭！	[LogContent]:备份文件完毕！

 ----------------------InfoLog --------------------------

----------------------InfoLog --------------------------
2022-06-01 22:42:02,760 [1] INFO  [Title]:系统启动！	[LogContent]:初始化已完成！
2022-06-01 22:42:03,501 [1] INFO  [Title]:软件启动对工艺参数的设置	[LogContent]:写入plc"3401"成功
2022-06-01 22:42:03,502 [1] INFO  [Title]:计算出炉校验温度合格条数	[LogContent]:总工艺时间333 - 预热最大时间40 = 293 分钟
2022-06-01 22:42:05,148 [9] INFO  [Title]:一维扫码枪服务启动	[LogContent]:127.0.0.1 : 8099等待连接
2022-06-01 22:42:17,233 [6] INFO  [Title]:新增报警	[LogContent]:报警下标102,报警内容:电箱风扇21旋转异常提示
2022-06-01 22:42:17,246 [6] INFO  [Title]:新增报警	[LogContent]:报警下标105,报警内容:电箱风扇24旋转异常提示
2022-06-01 22:42:17,257 [6] INFO  [Title]:新增报警	[LogContent]:报警下标125,报警内容:电箱风扇44旋转异常提示
2022-06-01 22:42:17,268 [6] INFO  [Title]:新增报警	[LogContent]:报警下标489,报警内容:上料提升滚筒电机启动超时
2022-06-01 22:42:17,281 [6] INFO  [Title]:新增报警	[LogContent]:报警下标511,报警内容:入料物流分拣夹紧气缸传感器信号异常
2022-06-01 22:42:17,288 [6] INFO  [Title]:小车报警信息	[LogContent]:小车位置为[1009] 小车获取PLC地址位[1903]的编号为[5]
2022-06-01 22:42:17,299 [6] INFO  [Title]:新增报警	[LogContent]:报警下标679,报警内容:开腔体8门条件不足

----------------------InfoLog --------------------------
2022-06-01 22:43:17,296 [1] INFO  [Title]:系统启动！	[LogContent]:初始化已完成！
2022-06-01 22:43:29,740 [9] INFO  [Title]:一维扫码枪服务启动	[LogContent]:127.0.0.1 : 8099等待连接
2022-06-01 22:43:34,750 [11] INFO  [Title]:plc连接状态	[LogContent]:断开连接，重连PLC
2022-06-01 22:43:59,775 [5] INFO  [Title]:plc连接状态	[LogContent]:断开连接，重连PLC
2022-06-01 22:44:24,823 [12] INFO  [Title]:plc连接状态	[LogContent]:断开连接，重连PLC
2022-06-01 22:44:49,867 [4] INFO  [Title]:plc连接状态	[LogContent]:断开连接，重连PLC
2022-06-01 22:45:14,907 [13] INFO  [Title]:plc连接状态	[LogContent]:断开连接，重连PLC
2022-06-01 22:45:30,301 [4] INFO  [Title]:保存CarInfo对象到数据库	[LogContent]:耗时：546 毫秒
2022-06-01 22:45:30,323 [4] INFO  [Title]:保存SaveData对象到数据库	[LogContent]:耗时：21 毫秒
2022-06-01 22:45:39,944 [12] INFO  [Title]:plc连接状态	[LogContent]:断开连接，重连PLC
2022-06-01 22:46:04,975 [12] INFO  [Title]:plc连接状态	[LogContent]:断开连接，重连PLC
2022-06-01 22:46:30,022 [11] INFO  [Title]:plc连接状态	[LogContent]:断开连接，重连PLC
2022-06-01 22:46:55,065 [11] INFO  [Title]:plc连接状态	[LogContent]:断开连接，重连PLC
2022-06-01 22:47:20,100 [14] INFO  [Title]:plc连接状态	[LogContent]:断开连接，重连PLC
2022-06-01 22:47:30,630 [5] INFO  [Title]:保存CarInfo对象到数据库	[LogContent]:耗时：291 毫秒
2022-06-01 22:47:30,650 [5] INFO  [Title]:保存SaveData对象到数据库	[LogContent]:耗时：20 毫秒
2022-06-01 22:47:45,147 [14] INFO  [Title]:plc连接状态	[LogContent]:断开连接，重连PLC
2022-06-01 22:48:10,184 [14] INFO  [Title]:plc连接状态	[LogContent]:断开连接，重连PLC
2022-06-01 22:48:35,226 [14] INFO  [Title]:plc连接状态	[LogContent]:断开连接，重连PLC
2022-06-01 22:49:00,261 [14] INFO  [Title]:plc连接状态	[LogContent]:断开连接，重连PLC
2022-06-01 22:49:25,287 [13] INFO  [Title]:plc连接状态	[LogContent]:断开连接，重连PLC
2022-06-01 22:49:32,879 [14] INFO  [Title]:保存CarInfo对象到数据库	[LogContent]:耗时：2229 毫秒
2022-06-01 22:49:32,899 [14] INFO  [Title]:保存SaveData对象到数据库	[LogContent]:耗时：19 毫秒
2022-06-01 22:49:50,322 [12] INFO  [Title]:plc连接状态	[LogContent]:断开连接，重连PLC
2022-06-01 22:50:15,366 [13] INFO  [Title]:plc连接状态	[LogContent]:断开连接，重连PLC
2022-06-01 22:50:40,426 [14] INFO  [Title]:plc连接状态	[LogContent]:断开连接，重连PLC
2022-06-01 22:51:05,461 [13] INFO  [Title]:plc连接状态	[LogContent]:断开连接，重连PLC
2022-06-01 22:51:30,498 [5] INFO  [Title]:plc连接状态	[LogContent]:断开连接，重连PLC
2022-06-01 22:51:33,705 [13] INFO  [Title]:保存CarInfo对象到数据库	[LogContent]:耗时：792 毫秒
2022-06-01 22:51:33,722 [13] INFO  [Title]:保存SaveData对象到数据库	[LogContent]:耗时：17 毫秒
2022-06-01 22:51:50,533 [5] INFO  [Title]:plc连接状态	[LogContent]:断开连接，重连PLC失败！请检查线路后，重启上位机！
2022-06-01 22:51:55,545 [13] INFO  [Title]:plc连接状态	[LogContent]:断开连接，重连PLC
2022-06-01 22:52:20,602 [5] INFO  [Title]:plc连接状态	[LogContent]:断开连接，重连PLC
2022-06-01 22:52:45,644 [5] INFO  [Title]:plc连接状态	[LogContent]:断开连接，重连PLC
2022-06-01 22:53:10,680 [13] INFO  [Title]:plc连接状态	[LogContent]:断开连接，重连PLC
2022-06-01 22:53:34,028 [4] INFO  [Title]:保存CarInfo对象到数据库	[LogContent]:耗时：292 毫秒
2022-06-01 22:53:34,047 [4] INFO  [Title]:保存SaveData对象到数据库	[LogContent]:耗时：18 毫秒
2022-06-01 22:53:35,711 [13] INFO  [Title]:plc连接状态	[LogContent]:断开连接，重连PLC
2022-06-01 22:54:00,756 [14] INFO  [Title]:plc连接状态	[LogContent]:断开连接，重连PLC
2022-06-01 22:54:25,795 [5] INFO  [Title]:plc连接状态	[LogContent]:断开连接，重连PLC
2022-06-01 22:54:50,826 [5] INFO  [Title]:plc连接状态	[LogContent]:断开连接，重连PLC
2022-06-01 22:55:15,852 [5] INFO  [Title]:plc连接状态	[LogContent]:断开连接，重连PLC
2022-06-01 22:55:37,503 [14] INFO  [Title]:保存CarInfo对象到数据库	[LogContent]:耗时：3448 毫秒
2022-06-01 22:55:37,523 [14] INFO  [Title]:保存SaveData对象到数据库	[LogContent]:耗时：19 毫秒
2022-06-01 22:55:40,901 [5] INFO  [Title]:plc连接状态	[LogContent]:断开连接，重连PLC
2022-06-01 22:56:05,928 [12] INFO  [Title]:plc连接状态	[LogContent]:断开连接，重连PLC
2022-06-01 22:56:30,984 [4] INFO  [Title]:plc连接状态	[LogContent]:断开连接，重连PLC
2022-06-01 22:56:56,033 [5] INFO  [Title]:plc连接状态	[LogContent]:断开连接，重连PLC
2022-06-01 22:57:21,073 [14] INFO  [Title]:plc连接状态	[LogContent]:断开连接，重连PLC
2022-06-01 22:57:37,818 [5] INFO  [Title]:保存CarInfo对象到数据库	[LogContent]:耗时：294 毫秒
2022-06-01 22:57:37,835 [5] INFO  [Title]:保存SaveData对象到数据库	[LogContent]:耗时：16 毫秒
2022-06-01 22:57:46,101 [4] INFO  [Title]:plc连接状态	[LogContent]:断开连接，重连PLC
2022-06-01 22:58:11,135 [14] INFO  [Title]:plc连接状态	[LogContent]:断开连接，重连PLC
2022-06-01 22:58:36,180 [12] INFO  [Title]:plc连接状态	[LogContent]:断开连接，重连PLC

----------------------InfoLog --------------------------
2022-06-01 22:59:00,214 [1] INFO  [Title]:系统启动！	[LogContent]:初始化已完成！
2022-06-01 22:59:00,980 [1] INFO  [Title]:软件启动对工艺参数的设置	[LogContent]:写入plc"3401"成功
2022-06-01 22:59:00,981 [1] INFO  [Title]:计算出炉校验温度合格条数	[LogContent]:总工艺时间333 - 预热最大时间40 = 293 分钟
2022-06-01 22:59:02,616 [9] INFO  [Title]:一维扫码枪服务启动	[LogContent]:127.0.0.1 : 8099等待连接
2022-06-01 22:59:07,755 [11] INFO  [Title]:上位机发起强交互	[LogContent]:给plc传递的3120值为1，3121为1
2022-06-01 22:59:08,768 [11] INFO  [Title]:上位机和plc强交互	[LogContent]:plc传递的3120值为2
2022-06-01 22:59:35,375 [11] INFO  [Title]:获取编码失败	[LogContent]:上料完成未获取到编码或者获取到的编码全为空
2022-06-01 22:59:35,656 [5] INFO  [Title]:新增报警	[LogContent]:报警下标33,报警内容:摆渡1区域急停31
2022-06-01 22:59:35,669 [5] INFO  [Title]:新增报警	[LogContent]:报警下标35,报警内容:流转使能断开
2022-06-01 22:59:35,680 [5] INFO  [Title]:新增报警	[LogContent]:报警下标36,报警内容:摆渡纵向2未回原
2022-06-01 22:59:35,691 [5] INFO  [Title]:新增报警	[LogContent]:报警下标102,报警内容:电箱风扇21旋转异常提示
2022-06-01 22:59:35,701 [5] INFO  [Title]:新增报警	[LogContent]:报警下标105,报警内容:电箱风扇24旋转异常提示
2022-06-01 22:59:35,712 [5] INFO  [Title]:新增报警	[LogContent]:报警下标125,报警内容:电箱风扇44旋转异常提示
2022-06-01 22:59:35,723 [5] INFO  [Title]:新增报警	[LogContent]:报警下标489,报警内容:上料提升滚筒电机启动超时
2022-06-01 22:59:35,733 [5] INFO  [Title]:新增报警	[LogContent]:报警下标511,报警内容:入料物流分拣夹紧气缸传感器信号异常
2022-06-01 22:59:35,751 [5] INFO  [Title]:小车报警信息	[LogContent]:小车位置为[1009] 小车获取PLC地址位[1903]的编号为[5]
2022-06-01 22:59:35,751 [5] INFO  [Title]:新增报警	[LogContent]:报警下标679,报警内容:开腔体8门条件不足
2022-06-01 22:59:35,762 [5] INFO  [Title]:新增报警	[LogContent]:报警下标714,报警内容:冷却下层阻挡气缸2传感器信号异常

----------------------InfoLog --------------------------
2022-06-01 23:00:50,293 [1] INFO  [Title]:系统启动！	[LogContent]:初始化已完成！
2022-06-01 23:00:51,009 [1] INFO  [Title]:软件启动对工艺参数的设置	[LogContent]:写入plc"3401"成功
2022-06-01 23:00:51,011 [1] INFO  [Title]:计算出炉校验温度合格条数	[LogContent]:总工艺时间333 - 预热最大时间40 = 293 分钟
2022-06-01 23:00:52,679 [9] INFO  [Title]:一维扫码枪服务启动	[LogContent]:127.0.0.1 : 8099等待连接
2022-06-01 23:00:57,748 [4] INFO  [Title]:上位机发起强交互	[LogContent]:给plc传递的3120值为1，3121为1
2022-06-01 23:00:58,757 [4] INFO  [Title]:上位机和plc强交互	[LogContent]:plc传递的3120值为2
2022-06-01 23:02:54,391 [4] INFO  [Title]:获取编码失败	[LogContent]:上料完成未获取到编码或者获取到的编码全为空
2022-06-01 23:02:54,551 [5] INFO  [Title]:新增报警	[LogContent]:报警下标33,报警内容:摆渡1区域急停31
2022-06-01 23:02:54,563 [5] INFO  [Title]:新增报警	[LogContent]:报警下标35,报警内容:流转使能断开
2022-06-01 23:02:54,575 [5] INFO  [Title]:新增报警	[LogContent]:报警下标36,报警内容:摆渡纵向2未回原
2022-06-01 23:02:54,585 [5] INFO  [Title]:新增报警	[LogContent]:报警下标102,报警内容:电箱风扇21旋转异常提示
2022-06-01 23:02:54,596 [5] INFO  [Title]:新增报警	[LogContent]:报警下标105,报警内容:电箱风扇24旋转异常提示
2022-06-01 23:02:54,608 [5] INFO  [Title]:新增报警	[LogContent]:报警下标125,报警内容:电箱风扇44旋转异常提示
2022-06-01 23:02:54,619 [5] INFO  [Title]:新增报警	[LogContent]:报警下标489,报警内容:上料提升滚筒电机启动超时
2022-06-01 23:02:54,630 [5] INFO  [Title]:新增报警	[LogContent]:报警下标511,报警内容:入料物流分拣夹紧气缸传感器信号异常
2022-06-01 23:02:54,638 [5] INFO  [Title]:小车报警信息	[LogContent]:小车位置为[1009] 小车获取PLC地址位[1903]的编号为[5]
2022-06-01 23:02:54,649 [5] INFO  [Title]:新增报警	[LogContent]:报警下标679,报警内容:开腔体8门条件不足
2022-06-01 23:02:54,660 [5] INFO  [Title]:新增报警	[LogContent]:报警下标714,报警内容:冷却下层阻挡气缸2传感器信号异常
2022-06-01 23:02:56,047 [11] INFO  [Title]:保存CarInfo对象到数据库	[LogContent]:耗时：1338 毫秒
2022-06-01 23:02:56,070 [11] INFO  [Title]:保存SaveData对象到数据库	[LogContent]:耗时：21 毫秒
2022-06-01 23:02:59,790 [12] INFO  [Title]:消除报警	[LogContent]:报警地址33-1,报警内容:摆渡1区域急停31
2022-06-01 23:02:59,791 [12] INFO  [Title]:消除报警	[LogContent]:报警地址489-2,报警内容:上料提升滚筒电机启动超时
2022-06-01 23:02:59,792 [12] INFO  [Title]:消除报警	[LogContent]:报警地址714-2,报警内容:冷却下层阻挡气缸2传感器信号异常
2022-06-01 23:03:04,904 [17] INFO  [Title]:新增报警	[LogContent]:报警下标714,报警内容:冷却下层阻挡气缸2传感器信号异常
2022-06-01 23:03:11,207 [1] INFO  [Title]:保存CarInfo对象到数据库	[LogContent]:耗时：268 毫秒
2022-06-01 23:03:11,223 [1] INFO  [Title]:保存SaveData对象到数据库	[LogContent]:耗时：15 毫秒
2022-06-01 23:03:11,226 [1] INFO  [Title]:系统关闭！	[LogContent]:备份文件完毕！

 ----------------------InfoLog --------------------------

----------------------InfoLog --------------------------
2022-06-01 23:03:26,364 [1] INFO  [Title]:系统启动！	[LogContent]:初始化已完成！
2022-06-01 23:03:27,177 [1] INFO  [Title]:软件启动对工艺参数的设置	[LogContent]:写入plc"3401"成功
2022-06-01 23:03:27,178 [1] INFO  [Title]:计算出炉校验温度合格条数	[LogContent]:总工艺时间333 - 预热最大时间40 = 293 分钟
2022-06-01 23:03:28,761 [9] INFO  [Title]:一维扫码枪服务启动	[LogContent]:127.0.0.1 : 8099等待连接
2022-06-01 23:03:40,854 [12] INFO  [Title]:新增报警	[LogContent]:报警下标35,报警内容:流转使能断开
2022-06-01 23:03:40,866 [12] INFO  [Title]:新增报警	[LogContent]:报警下标36,报警内容:摆渡纵向2未回原
2022-06-01 23:03:40,877 [12] INFO  [Title]:新增报警	[LogContent]:报警下标102,报警内容:电箱风扇21旋转异常提示
2022-06-01 23:03:40,890 [12] INFO  [Title]:新增报警	[LogContent]:报警下标105,报警内容:电箱风扇24旋转异常提示
2022-06-01 23:03:40,902 [12] INFO  [Title]:新增报警	[LogContent]:报警下标125,报警内容:电箱风扇44旋转异常提示
2022-06-01 23:03:40,913 [12] INFO  [Title]:新增报警	[LogContent]:报警下标489,报警内容:上料提升滚筒电机启动超时

----------------------InfoLog --------------------------
2022-06-01 23:03:51,804 [1] INFO  [Title]:系统启动！	[LogContent]:初始化已完成！
2022-06-01 23:03:52,840 [1] INFO  [Title]:软件启动对工艺参数的设置	[LogContent]:写入plc"3401"成功
2022-06-01 23:03:52,841 [1] INFO  [Title]:计算出炉校验温度合格条数	[LogContent]:总工艺时间333 - 预热最大时间40 = 293 分钟
2022-06-01 23:03:54,315 [9] INFO  [Title]:一维扫码枪服务启动	[LogContent]:127.0.0.1 : 8099等待连接
2022-06-01 23:04:07,536 [6] INFO  [Title]:新增报警	[LogContent]:报警下标35,报警内容:流转使能断开
2022-06-01 23:04:07,537 [6] INFO  [Title]:新增报警	[LogContent]:报警下标36,报警内容:摆渡纵向2未回原
2022-06-01 23:04:07,537 [6] INFO  [Title]:新增报警	[LogContent]:报警下标102,报警内容:电箱风扇21旋转异常提示
2022-06-01 23:04:07,537 [6] INFO  [Title]:新增报警	[LogContent]:报警下标105,报警内容:电箱风扇24旋转异常提示
2022-06-01 23:04:07,538 [6] INFO  [Title]:新增报警	[LogContent]:报警下标125,报警内容:电箱风扇44旋转异常提示
2022-06-01 23:04:07,538 [6] INFO  [Title]:新增报警	[LogContent]:报警下标489,报警内容:上料提升滚筒电机启动超时
2022-06-01 23:04:07,538 [6] INFO  [Title]:新增报警	[LogContent]:报警下标511,报警内容:入料物流分拣夹紧气缸传感器信号异常
2022-06-01 23:04:07,548 [6] INFO  [Title]:小车报警信息	[LogContent]:小车位置为[1009] 小车获取PLC地址位[1903]的编号为[5]
2022-06-01 23:04:07,548 [6] INFO  [Title]:新增报警	[LogContent]:报警下标679,报警内容:开腔体8门条件不足
2022-06-01 23:04:07,550 [6] INFO  [Title]:新增报警	[LogContent]:报警下标714,报警内容:冷却下层阻挡气缸2传感器信号异常
2022-06-01 23:04:33,142 [21] INFO  [Title]:消除报警	[LogContent]:报警地址489-2,报警内容:上料提升滚筒电机启动超时
2022-06-01 23:04:33,153 [21] INFO  [Title]:消除报警	[LogContent]:报警地址714-2,报警内容:冷却下层阻挡气缸2传感器信号异常
2022-06-01 23:04:38,355 [16] INFO  [Title]:新增报警	[LogContent]:报警下标714,报警内容:冷却下层阻挡气缸2传感器信号异常
2022-06-01 23:04:53,710 [22] INFO  [Title]:消除报警	[LogContent]:报警地址511-2,报警内容:入料物流分拣夹紧气缸传感器信号异常
2022-06-01 23:04:53,722 [22] INFO  [Title]:消除报警	[LogContent]:报警地址714-2,报警内容:冷却下层阻挡气缸2传感器信号异常
2022-06-01 23:04:58,918 [18] INFO  [Title]:新增报警	[LogContent]:报警下标511,报警内容:入料物流分拣夹紧气缸传感器信号异常
2022-06-01 23:04:58,918 [18] INFO  [Title]:新增报警	[LogContent]:报警下标714,报警内容:冷却下层阻挡气缸2传感器信号异常
2022-06-01 23:05:14,249 [16] INFO  [Title]:新增报警	[LogContent]:报警下标489,报警内容:上料提升滚筒电机启动超时
2022-06-01 23:05:17,737 [1] INFO  [Title]:保存CarInfo对象到数据库	[LogContent]:耗时：309 毫秒
2022-06-01 23:05:17,760 [1] INFO  [Title]:保存SaveData对象到数据库	[LogContent]:耗时：22 毫秒
2022-06-01 23:05:17,764 [1] INFO  [Title]:系统关闭！	[LogContent]:备份文件完毕！

 ----------------------InfoLog --------------------------

----------------------InfoLog --------------------------
2022-06-01 23:28:56,139 [1] INFO  [Title]:系统启动！	[LogContent]:初始化已完成！
2022-06-01 23:29:11,155 [9] INFO  [Title]:一维扫码枪服务启动	[LogContent]:127.0.0.1 : 8099等待连接
2022-06-01 23:29:16,165 [12] INFO  [Title]:plc连接状态	[LogContent]:断开连接，重连PLC
2022-06-01 23:29:45,892 [1] INFO  [Title]:保存CarInfo对象到数据库	[LogContent]:耗时：386 毫秒
2022-06-01 23:29:45,938 [1] INFO  [Title]:保存SaveData对象到数据库	[LogContent]:耗时：45 毫秒
2022-06-01 23:29:45,938 [1] INFO  [Title]:系统关闭！	[LogContent]:备份文件完毕！

 ----------------------InfoLog --------------------------
