
----------------------InfoLog --------------------------
2022-04-11 09:37:29,472 [1] INFO  [Title]:系统启动！	[LogContent]:初始化已完成！
2022-04-11 09:37:53,116 [10] INFO  [Title]:一维扫码枪服务启动	[LogContent]:System.Net.Sockets.Socket等待连接
2022-04-11 09:37:58,125 [13] INFO  [Title]:plc连接状态	[LogContent]:断开连接，重连PLC
2022-04-11 09:38:12,515 [1] INFO  [Title]:保存CarInfo对象到数据库	[LogContent]:耗时：3648 毫秒
2022-04-11 09:38:12,727 [1] INFO  [Title]:保存SaveData对象到数据库	[LogContent]:耗时：211 毫秒
2022-04-11 09:38:12,727 [1] INFO  [Title]:系统关闭！	[LogContent]:备份文件完毕！

 ----------------------InfoLog --------------------------

----------------------InfoLog --------------------------
2022-04-11 19:35:43,031 [1] INFO  [Title]:系统启动！	[LogContent]:初始化已完成！
2022-04-11 19:36:11,741 [5] INFO  [Title]:plc连接状态	[LogContent]:断开连接，重连PLC
2022-04-11 19:36:21,345 [10] INFO  [Title]:保存CarInfo对象到数据库	[LogContent]:耗时：3263 毫秒
2022-04-11 19:36:21,537 [10] INFO  [Title]:保存SaveData对象到数据库	[LogContent]:耗时：190 毫秒
2022-04-11 19:36:21,537 [10] INFO  [Title]:系统关闭！	[LogContent]:备份文件完毕！

----------------------InfoLog --------------------------
2022-04-11 19:38:15,976 [1] INFO  [Title]:系统启动！	[LogContent]:初始化已完成！
2022-04-11 19:38:39,498 [9] INFO  [Title]:一维扫码枪服务启动	[LogContent]:127.0.0.1 : 8099等待连接
2022-04-11 19:38:44,512 [5] INFO  [Title]:plc连接状态	[LogContent]:断开连接，重连PLC
2022-04-11 19:38:52,439 [1] INFO  [Title]:保存CarInfo对象到数据库	[LogContent]:耗时：3864 毫秒
2022-04-11 19:38:52,667 [1] INFO  [Title]:保存SaveData对象到数据库	[LogContent]:耗时：227 毫秒
2022-04-11 19:38:52,667 [1] INFO  [Title]:系统关闭！	[LogContent]:备份文件完毕！

 ----------------------InfoLog --------------------------
