
----------------------InfoLog --------------------------
2022-01-18 09:15:56,660 [1] INFO  [Title]:系统启动！	[LogContent]:初始化已完成！
2022-01-18 09:16:44,566 [6] INFO  [Title]:保存CarInfo对象到数据库	[LogContent]:耗时：3113 毫秒
2022-01-18 09:16:44,753 [6] INFO  [Title]:保存SaveData对象到数据库	[LogContent]:耗时：187 毫秒
2022-01-18 09:16:44,753 [6] INFO  [Title]:系统关闭！	[LogContent]:备份文件完毕！

----------------------InfoLog --------------------------
2022-01-18 09:17:40,445 [1] INFO  [Title]:系统启动！	[LogContent]:初始化已完成！
2022-01-18 09:18:03,916 [9] INFO  [Title]:一维扫码枪服务启动	[LogContent]:System.Net.Sockets.Socket等待连接
2022-01-18 09:18:08,935 [11] INFO  [Title]:plc连接状态	[LogContent]:断开连接，重连PLC
2022-01-18 09:18:26,007 [11] INFO  [Title]:plc连接状态	[LogContent]:断开连接，重连PLC
2022-01-18 09:18:43,080 [13] INFO  [Title]:plc连接状态	[LogContent]:断开连接，重连PLC
2022-01-18 09:19:00,153 [13] INFO  [Title]:plc连接状态	[LogContent]:断开连接，重连PLC
2022-01-18 09:19:17,210 [11] INFO  [Title]:plc连接状态	[LogContent]:断开连接，重连PLC
2022-01-18 09:19:34,266 [6] INFO  [Title]:plc连接状态	[LogContent]:断开连接，重连PLC
2022-01-18 09:19:51,326 [6] INFO  [Title]:plc连接状态	[LogContent]:断开连接，重连PLC
2022-01-18 09:20:06,427 [6] INFO  [Title]:保存CarInfo对象到数据库	[LogContent]:耗时：2504 毫秒
2022-01-18 09:20:06,574 [6] INFO  [Title]:保存SaveData对象到数据库	[LogContent]:耗时：146 毫秒
2022-01-18 09:20:08,380 [4] INFO  [Title]:plc连接状态	[LogContent]:断开连接，重连PLC
2022-01-18 09:20:25,439 [12] INFO  [Title]:plc连接状态	[LogContent]:断开连接，重连PLC
2022-01-18 09:20:42,512 [5] INFO  [Title]:plc连接状态	[LogContent]:断开连接，重连PLC
2022-01-18 09:20:59,567 [12] INFO  [Title]:plc连接状态	[LogContent]:断开连接，重连PLC
2022-01-18 09:21:16,626 [6] INFO  [Title]:plc连接状态	[LogContent]:断开连接，重连PLC
2022-01-18 09:21:33,687 [6] INFO  [Title]:plc连接状态	[LogContent]:断开连接，重连PLC
2022-01-18 09:21:50,759 [12] INFO  [Title]:plc连接状态	[LogContent]:断开连接，重连PLC
2022-01-18 09:22:07,822 [5] INFO  [Title]:plc连接状态	[LogContent]:断开连接，重连PLC
2022-01-18 09:22:09,292 [13] INFO  [Title]:保存CarInfo对象到数据库	[LogContent]:耗时：2701 毫秒
2022-01-18 09:22:09,425 [13] INFO  [Title]:保存SaveData对象到数据库	[LogContent]:耗时：134 毫秒
2022-01-18 09:22:24,886 [4] INFO  [Title]:plc连接状态	[LogContent]:断开连接，重连PLC
2022-01-18 09:22:41,942 [5] INFO  [Title]:plc连接状态	[LogContent]:断开连接，重连PLC
2022-01-18 09:22:59,014 [4] INFO  [Title]:plc连接状态	[LogContent]:断开连接，重连PLC
2022-01-18 09:23:16,088 [12] INFO  [Title]:plc连接状态	[LogContent]:断开连接，重连PLC
2022-01-18 09:23:33,147 [5] INFO  [Title]:plc连接状态	[LogContent]:断开连接，重连PLC
2022-01-18 09:23:45,196 [5] INFO  [Title]:plc连接状态	[LogContent]:断开连接，重连PLC失败！请检查线路后，重启上位机！
2022-01-18 09:23:50,216 [12] INFO  [Title]:plc连接状态	[LogContent]:断开连接，重连PLC
2022-01-18 09:24:07,275 [13] INFO  [Title]:plc连接状态	[LogContent]:断开连接，重连PLC
2022-01-18 09:24:11,860 [11] INFO  [Title]:保存CarInfo对象到数据库	[LogContent]:耗时：2430 毫秒
2022-01-18 09:24:11,993 [11] INFO  [Title]:保存SaveData对象到数据库	[LogContent]:耗时：132 毫秒
2022-01-18 09:24:24,333 [6] INFO  [Title]:plc连接状态	[LogContent]:断开连接，重连PLC
2022-01-18 09:24:41,391 [11] INFO  [Title]:plc连接状态	[LogContent]:断开连接，重连PLC
2022-01-18 09:24:58,448 [4] INFO  [Title]:plc连接状态	[LogContent]:断开连接，重连PLC
2022-01-18 09:25:15,504 [6] INFO  [Title]:plc连接状态	[LogContent]:断开连接，重连PLC
2022-01-18 09:25:32,563 [11] INFO  [Title]:plc连接状态	[LogContent]:断开连接，重连PLC
2022-01-18 09:25:49,620 [11] INFO  [Title]:plc连接状态	[LogContent]:断开连接，重连PLC
2022-01-18 09:26:06,679 [5] INFO  [Title]:plc连接状态	[LogContent]:断开连接，重连PLC
2022-01-18 09:26:14,439 [12] INFO  [Title]:保存CarInfo对象到数据库	[LogContent]:耗时：2434 毫秒
2022-01-18 09:26:14,594 [12] INFO  [Title]:保存SaveData对象到数据库	[LogContent]:耗时：155 毫秒
2022-01-18 09:26:23,736 [6] INFO  [Title]:plc连接状态	[LogContent]:断开连接，重连PLC
2022-01-18 09:26:40,809 [6] INFO  [Title]:plc连接状态	[LogContent]:断开连接，重连PLC
2022-01-18 09:26:57,866 [13] INFO  [Title]:plc连接状态	[LogContent]:断开连接，重连PLC
2022-01-18 09:27:14,924 [12] INFO  [Title]:plc连接状态	[LogContent]:断开连接，重连PLC
2022-01-18 09:27:31,996 [13] INFO  [Title]:plc连接状态	[LogContent]:断开连接，重连PLC
2022-01-18 09:27:49,053 [13] INFO  [Title]:plc连接状态	[LogContent]:断开连接，重连PLC
2022-01-18 09:28:06,111 [13] INFO  [Title]:plc连接状态	[LogContent]:断开连接，重连PLC
2022-01-18 09:28:17,058 [5] INFO  [Title]:保存CarInfo对象到数据库	[LogContent]:耗时：2449 毫秒
2022-01-18 09:28:17,190 [5] INFO  [Title]:保存SaveData对象到数据库	[LogContent]:耗时：132 毫秒
2022-01-18 09:28:23,166 [12] INFO  [Title]:plc连接状态	[LogContent]:断开连接，重连PLC
2022-01-18 09:28:40,223 [5] INFO  [Title]:plc连接状态	[LogContent]:断开连接，重连PLC
2022-01-18 09:28:57,296 [6] INFO  [Title]:plc连接状态	[LogContent]:断开连接，重连PLC
2022-01-18 09:29:14,353 [12] INFO  [Title]:plc连接状态	[LogContent]:断开连接，重连PLC
2022-01-18 09:29:31,410 [14] INFO  [Title]:plc连接状态	[LogContent]:断开连接，重连PLC
2022-01-18 09:29:48,482 [12] INFO  [Title]:plc连接状态	[LogContent]:断开连接，重连PLC
2022-01-18 09:30:05,540 [5] INFO  [Title]:plc连接状态	[LogContent]:断开连接，重连PLC
2022-01-18 09:30:19,664 [13] INFO  [Title]:保存CarInfo对象到数据库	[LogContent]:耗时：2464 毫秒
2022-01-18 09:30:19,798 [13] INFO  [Title]:保存SaveData对象到数据库	[LogContent]:耗时：135 毫秒
2022-01-18 09:30:22,601 [11] INFO  [Title]:plc连接状态	[LogContent]:断开连接，重连PLC
2022-01-18 09:30:39,657 [11] INFO  [Title]:plc连接状态	[LogContent]:断开连接，重连PLC
2022-01-18 09:30:56,713 [11] INFO  [Title]:plc连接状态	[LogContent]:断开连接，重连PLC
2022-01-18 09:31:13,771 [4] INFO  [Title]:plc连接状态	[LogContent]:断开连接，重连PLC
2022-01-18 09:31:30,842 [14] INFO  [Title]:plc连接状态	[LogContent]:断开连接，重连PLC
2022-01-18 09:31:47,898 [13] INFO  [Title]:plc连接状态	[LogContent]:断开连接，重连PLC
2022-01-18 09:32:04,955 [6] INFO  [Title]:plc连接状态	[LogContent]:断开连接，重连PLC
2022-01-18 09:32:22,023 [5] INFO  [Title]:plc连接状态	[LogContent]:断开连接，重连PLC
2022-01-18 09:32:22,354 [13] INFO  [Title]:保存CarInfo对象到数据库	[LogContent]:耗时：2552 毫秒
2022-01-18 09:32:22,501 [13] INFO  [Title]:保存SaveData对象到数据库	[LogContent]:耗时：146 毫秒
2022-01-18 09:32:39,088 [13] INFO  [Title]:plc连接状态	[LogContent]:断开连接，重连PLC
2022-01-18 09:32:56,165 [11] INFO  [Title]:plc连接状态	[LogContent]:断开连接，重连PLC
2022-01-18 09:33:13,223 [11] INFO  [Title]:plc连接状态	[LogContent]:断开连接，重连PLC
2022-01-18 09:33:30,284 [4] INFO  [Title]:plc连接状态	[LogContent]:断开连接，重连PLC
2022-01-18 09:33:47,357 [12] INFO  [Title]:plc连接状态	[LogContent]:断开连接，重连PLC
2022-01-18 09:34:04,413 [12] INFO  [Title]:plc连接状态	[LogContent]:断开连接，重连PLC
2022-01-18 09:34:21,471 [11] INFO  [Title]:plc连接状态	[LogContent]:断开连接，重连PLC
2022-01-18 09:34:24,972 [13] INFO  [Title]:保存CarInfo对象到数据库	[LogContent]:耗时：2469 毫秒
2022-01-18 09:34:25,119 [13] INFO  [Title]:保存SaveData对象到数据库	[LogContent]:耗时：146 毫秒
2022-01-18 09:34:38,542 [4] INFO  [Title]:plc连接状态	[LogContent]:断开连接，重连PLC
2022-01-18 09:34:55,598 [13] INFO  [Title]:plc连接状态	[LogContent]:断开连接，重连PLC
2022-01-18 09:35:12,652 [12] INFO  [Title]:plc连接状态	[LogContent]:断开连接，重连PLC
2022-01-18 09:35:29,713 [4] INFO  [Title]:plc连接状态	[LogContent]:断开连接，重连PLC
2022-01-18 09:35:46,767 [13] INFO  [Title]:plc连接状态	[LogContent]:断开连接，重连PLC
2022-01-18 09:36:03,828 [11] INFO  [Title]:plc连接状态	[LogContent]:断开连接，重连PLC
2022-01-18 09:36:20,905 [4] INFO  [Title]:plc连接状态	[LogContent]:断开连接，重连PLC
2022-01-18 09:36:27,532 [13] INFO  [Title]:保存CarInfo对象到数据库	[LogContent]:耗时：2394 毫秒
2022-01-18 09:36:27,669 [13] INFO  [Title]:保存SaveData对象到数据库	[LogContent]:耗时：136 毫秒
2022-01-18 09:36:37,967 [6] INFO  [Title]:plc连接状态	[LogContent]:断开连接，重连PLC
2022-01-18 09:36:55,029 [5] INFO  [Title]:plc连接状态	[LogContent]:断开连接，重连PLC
2022-01-18 09:37:12,095 [5] INFO  [Title]:plc连接状态	[LogContent]:断开连接，重连PLC
2022-01-18 09:37:29,146 [13] INFO  [Title]:plc连接状态	[LogContent]:断开连接，重连PLC
2022-01-18 09:37:46,215 [11] INFO  [Title]:plc连接状态	[LogContent]:断开连接，重连PLC
2022-01-18 09:38:03,273 [14] INFO  [Title]:plc连接状态	[LogContent]:断开连接，重连PLC
2022-01-18 09:38:20,331 [12] INFO  [Title]:plc连接状态	[LogContent]:断开连接，重连PLC
2022-01-18 09:38:30,067 [13] INFO  [Title]:保存CarInfo对象到数据库	[LogContent]:耗时：2387 毫秒
2022-01-18 09:38:30,223 [13] INFO  [Title]:保存SaveData对象到数据库	[LogContent]:耗时：155 毫秒
2022-01-18 09:38:37,390 [4] INFO  [Title]:plc连接状态	[LogContent]:断开连接，重连PLC
2022-01-18 09:38:54,453 [4] INFO  [Title]:plc连接状态	[LogContent]:断开连接，重连PLC
2022-01-18 09:39:11,517 [11] INFO  [Title]:plc连接状态	[LogContent]:断开连接，重连PLC
2022-01-18 09:39:28,566 [11] INFO  [Title]:plc连接状态	[LogContent]:断开连接，重连PLC
2022-01-18 09:39:45,625 [11] INFO  [Title]:plc连接状态	[LogContent]:断开连接，重连PLC
2022-01-18 09:40:02,701 [6] INFO  [Title]:plc连接状态	[LogContent]:断开连接，重连PLC
2022-01-18 09:40:19,753 [4] INFO  [Title]:plc连接状态	[LogContent]:断开连接，重连PLC
2022-01-18 09:40:32,693 [13] INFO  [Title]:保存CarInfo对象到数据库	[LogContent]:耗时：2446 毫秒
2022-01-18 09:40:32,834 [13] INFO  [Title]:保存SaveData对象到数据库	[LogContent]:耗时：141 毫秒
2022-01-18 09:40:36,818 [5] INFO  [Title]:plc连接状态	[LogContent]:断开连接，重连PLC
2022-01-18 09:40:53,869 [13] INFO  [Title]:plc连接状态	[LogContent]:断开连接，重连PLC
2022-01-18 09:41:10,926 [6] INFO  [Title]:plc连接状态	[LogContent]:断开连接，重连PLC
2022-01-18 09:41:27,989 [11] INFO  [Title]:plc连接状态	[LogContent]:断开连接，重连PLC
2022-01-18 09:41:45,049 [6] INFO  [Title]:plc连接状态	[LogContent]:断开连接，重连PLC
2022-01-18 09:42:02,113 [14] INFO  [Title]:plc连接状态	[LogContent]:断开连接，重连PLC
2022-01-18 09:42:19,161 [11] INFO  [Title]:plc连接状态	[LogContent]:断开连接，重连PLC
2022-01-18 09:42:35,471 [4] INFO  [Title]:保存CarInfo对象到数据库	[LogContent]:耗时：2636 毫秒
2022-01-18 09:42:35,618 [4] INFO  [Title]:保存SaveData对象到数据库	[LogContent]:耗时：147 毫秒
2022-01-18 09:42:36,216 [6] INFO  [Title]:plc连接状态	[LogContent]:断开连接，重连PLC
2022-01-18 09:42:53,273 [15] INFO  [Title]:plc连接状态	[LogContent]:断开连接，重连PLC
2022-01-18 09:43:10,327 [4] INFO  [Title]:plc连接状态	[LogContent]:断开连接，重连PLC
2022-01-18 09:43:27,384 [11] INFO  [Title]:plc连接状态	[LogContent]:断开连接，重连PLC
2022-01-18 09:43:44,439 [5] INFO  [Title]:plc连接状态	[LogContent]:断开连接，重连PLC
2022-01-18 09:44:01,495 [14] INFO  [Title]:plc连接状态	[LogContent]:断开连接，重连PLC
2022-01-18 09:44:18,551 [11] INFO  [Title]:plc连接状态	[LogContent]:断开连接，重连PLC
2022-01-18 09:44:35,606 [4] INFO  [Title]:plc连接状态	[LogContent]:断开连接，重连PLC
2022-01-18 09:44:38,175 [12] INFO  [Title]:保存CarInfo对象到数据库	[LogContent]:耗时：2553 毫秒
2022-01-18 09:44:38,326 [12] INFO  [Title]:保存SaveData对象到数据库	[LogContent]:耗时：150 毫秒
2022-01-18 09:44:52,662 [5] INFO  [Title]:plc连接状态	[LogContent]:断开连接，重连PLC
2022-01-18 09:45:09,719 [12] INFO  [Title]:plc连接状态	[LogContent]:断开连接，重连PLC
2022-01-18 09:45:26,776 [11] INFO  [Title]:plc连接状态	[LogContent]:断开连接，重连PLC
2022-01-18 09:45:43,832 [14] INFO  [Title]:plc连接状态	[LogContent]:断开连接，重连PLC
2022-01-18 09:46:00,904 [15] INFO  [Title]:plc连接状态	[LogContent]:断开连接，重连PLC
2022-01-18 09:46:17,961 [4] INFO  [Title]:plc连接状态	[LogContent]:断开连接，重连PLC
2022-01-18 09:46:35,017 [13] INFO  [Title]:plc连接状态	[LogContent]:断开连接，重连PLC
2022-01-18 09:46:40,892 [15] INFO  [Title]:保存CarInfo对象到数据库	[LogContent]:耗时：2553 毫秒
2022-01-18 09:46:41,040 [15] INFO  [Title]:保存SaveData对象到数据库	[LogContent]:耗时：146 毫秒
2022-01-18 09:46:52,074 [4] INFO  [Title]:plc连接状态	[LogContent]:断开连接，重连PLC
2022-01-18 09:47:09,130 [12] INFO  [Title]:plc连接状态	[LogContent]:断开连接，重连PLC
2022-01-18 09:47:26,202 [14] INFO  [Title]:plc连接状态	[LogContent]:断开连接，重连PLC
2022-01-18 09:47:43,259 [16] INFO  [Title]:plc连接状态	[LogContent]:断开连接，重连PLC
2022-01-18 09:48:00,317 [4] INFO  [Title]:plc连接状态	[LogContent]:断开连接，重连PLC
2022-01-18 09:48:17,372 [6] INFO  [Title]:plc连接状态	[LogContent]:断开连接，重连PLC
2022-01-18 09:48:34,444 [16] INFO  [Title]:plc连接状态	[LogContent]:断开连接，重连PLC
2022-01-18 09:48:43,492 [11] INFO  [Title]:保存CarInfo对象到数据库	[LogContent]:耗时：2435 毫秒
2022-01-18 09:48:43,635 [11] INFO  [Title]:保存SaveData对象到数据库	[LogContent]:耗时：142 毫秒
2022-01-18 09:48:51,502 [16] INFO  [Title]:plc连接状态	[LogContent]:断开连接，重连PLC
2022-01-18 09:49:08,558 [5] INFO  [Title]:plc连接状态	[LogContent]:断开连接，重连PLC
2022-01-18 09:49:25,615 [16] INFO  [Title]:plc连接状态	[LogContent]:断开连接，重连PLC
2022-01-18 09:49:42,674 [16] INFO  [Title]:plc连接状态	[LogContent]:断开连接，重连PLC
2022-01-18 09:49:59,747 [12] INFO  [Title]:plc连接状态	[LogContent]:断开连接，重连PLC
2022-01-18 09:50:16,802 [12] INFO  [Title]:plc连接状态	[LogContent]:断开连接，重连PLC
2022-01-18 09:50:33,872 [16] INFO  [Title]:plc连接状态	[LogContent]:断开连接，重连PLC
2022-01-18 09:50:46,109 [6] INFO  [Title]:保存CarInfo对象到数据库	[LogContent]:耗时：2467 毫秒
2022-01-18 09:50:46,266 [6] INFO  [Title]:保存SaveData对象到数据库	[LogContent]:耗时：156 毫秒
2022-01-18 09:50:50,927 [15] INFO  [Title]:plc连接状态	[LogContent]:断开连接，重连PLC
2022-01-18 09:51:07,975 [11] INFO  [Title]:plc连接状态	[LogContent]:断开连接，重连PLC
2022-01-18 09:51:25,047 [5] INFO  [Title]:plc连接状态	[LogContent]:断开连接，重连PLC
2022-01-18 09:51:42,121 [12] INFO  [Title]:plc连接状态	[LogContent]:断开连接，重连PLC
2022-01-18 09:51:59,179 [12] INFO  [Title]:plc连接状态	[LogContent]:断开连接，重连PLC
2022-01-18 09:52:16,236 [13] INFO  [Title]:plc连接状态	[LogContent]:断开连接，重连PLC
2022-01-18 09:52:33,293 [4] INFO  [Title]:plc连接状态	[LogContent]:断开连接，重连PLC
2022-01-18 09:52:48,621 [4] INFO  [Title]:保存CarInfo对象到数据库	[LogContent]:耗时：2356 毫秒
2022-01-18 09:52:48,757 [4] INFO  [Title]:保存SaveData对象到数据库	[LogContent]:耗时：135 毫秒
2022-01-18 09:52:50,350 [4] INFO  [Title]:plc连接状态	[LogContent]:断开连接，重连PLC
2022-01-18 09:53:07,405 [5] INFO  [Title]:plc连接状态	[LogContent]:断开连接，重连PLC
2022-01-18 09:53:24,459 [5] INFO  [Title]:plc连接状态	[LogContent]:断开连接，重连PLC
2022-01-18 09:53:41,517 [6] INFO  [Title]:plc连接状态	[LogContent]:断开连接，重连PLC
2022-01-18 09:53:58,587 [5] INFO  [Title]:plc连接状态	[LogContent]:断开连接，重连PLC
2022-01-18 09:54:15,645 [14] INFO  [Title]:plc连接状态	[LogContent]:断开连接，重连PLC
2022-01-18 09:54:25,763 [1] INFO  [Title]:保存CarInfo对象到数据库	[LogContent]:耗时：3586 毫秒
2022-01-18 09:54:25,963 [1] INFO  [Title]:保存SaveData对象到数据库	[LogContent]:耗时：199 毫秒
2022-01-18 09:54:25,963 [1] INFO  [Title]:系统关闭！	[LogContent]:备份文件完毕！

 ----------------------InfoLog --------------------------

----------------------InfoLog --------------------------
2022-01-18 15:07:34,796 [1] INFO  [Title]:系统启动！	[LogContent]:初始化已完成！
2022-01-18 15:07:35,751 [1] INFO  [Title]:软件启动对电气参数的设置	[LogContent]:写入plc"3401"成功
2022-01-18 15:07:35,752 [1] INFO  [Title]:计算"出炉校验温度合格条数"	[LogContent]:( 360 - 40 )*60/ 60 = 320 分钟
2022-01-18 15:07:56,374 [10] INFO  [Title]:一维扫码枪服务启动	[LogContent]:System.Net.Sockets.Socket等待连接
2022-01-18 15:08:02,843 [1] INFO  [Title]:清空提示	[LogContent]:把第12位改成1
2022-01-18 15:08:02,843 [1] INFO  [Title]:清空提示	[LogContent]:把第12位改成1，单体炉PLC返回信息：
2022-01-18 15:08:02,843 [1] INFO  [Title]:清空时间提示	[LogContent]:换班时间到，通知PC清空等待来料时间和出料时间
2022-01-18 15:08:52,985 [1] INFO  [Title]:保存CarInfo对象到数据库	[LogContent]:耗时：3861 毫秒
2022-01-18 15:08:53,203 [1] INFO  [Title]:保存SaveData对象到数据库	[LogContent]:耗时：217 毫秒
2022-01-18 15:08:53,204 [1] INFO  [Title]:系统关闭！	[LogContent]:备份文件完毕！

 ----------------------InfoLog --------------------------

----------------------InfoLog --------------------------
2022-01-18 15:09:03,411 [1] INFO  [Title]:系统启动！	[LogContent]:初始化已完成！
2022-01-18 15:09:04,275 [1] INFO  [Title]:软件启动对电气参数的设置	[LogContent]:写入plc"3401"成功
2022-01-18 15:09:04,276 [1] INFO  [Title]:计算"出炉校验温度合格条数"	[LogContent]:( 360 - 40 )*60/ 60 = 320 分钟
2022-01-18 15:09:24,915 [9] INFO  [Title]:一维扫码枪服务启动	[LogContent]:System.Net.Sockets.Socket等待连接
2022-01-18 15:09:31,352 [1] INFO  [Title]:清空提示	[LogContent]:把第12位改成1
2022-01-18 15:09:31,353 [1] INFO  [Title]:清空提示	[LogContent]:把第12位改成1，单体炉PLC返回信息：
2022-01-18 15:09:31,353 [1] INFO  [Title]:清空时间提示	[LogContent]:换班时间到，通知PC清空等待来料时间和出料时间
2022-01-18 15:10:02,538 [1] INFO  [Title]:手动清除小车状态	[LogContent]:正常小车1已手动重置状态！
2022-01-18 15:10:02,546 [1] INFO  [Title]:手动生成小车ID	[LogContent]:正常小车1已手动生成ID[1]！
2022-01-18 15:10:09,336 [1] INFO  [Title]:手动获取编码	[LogContent]:正常小车1开始手动获取编码！
2022-01-18 15:10:09,338 [1] INFO  [Title]:手动获取编码	[LogContent]:序号[0]编码为1,条码为X1
2022-01-18 15:10:09,396 [1] INFO  [Title]:手动获取编码	[LogContent]:正常小车1手动获取编码成功！
2022-01-18 15:11:27,751 [19] INFO  [Title]:保存CarInfo对象到数据库	[LogContent]:耗时：2823 毫秒
2022-01-18 15:11:27,919 [19] INFO  [Title]:保存SaveData对象到数据库	[LogContent]:耗时：167 毫秒
2022-01-18 15:11:35,061 [31] INFO  [Title]:真空工位	[LogContent]:腔体1更新小车1的预热工艺开始时间2022/1/18 15:11:35
2022-01-18 15:13:30,700 [30] INFO  [Title]:保存CarInfo对象到数据库	[LogContent]:耗时：2765 毫秒
2022-01-18 15:13:30,870 [30] INFO  [Title]:保存SaveData对象到数据库	[LogContent]:耗时：169 毫秒
2022-01-18 15:15:33,904 [33] INFO  [Title]:保存CarInfo对象到数据库	[LogContent]:耗时：3020 毫秒
2022-01-18 15:15:34,057 [33] INFO  [Title]:保存SaveData对象到数据库	[LogContent]:耗时：153 毫秒
2022-01-18 15:17:37,068 [44] INFO  [Title]:保存CarInfo对象到数据库	[LogContent]:耗时：2996 毫秒
2022-01-18 15:17:37,229 [44] INFO  [Title]:保存SaveData对象到数据库	[LogContent]:耗时：161 毫秒
2022-01-18 15:19:41,567 [41] INFO  [Title]:保存CarInfo对象到数据库	[LogContent]:耗时：4333 毫秒
2022-01-18 15:19:41,720 [41] INFO  [Title]:保存SaveData对象到数据库	[LogContent]:耗时：151 毫秒
2022-01-18 15:21:44,460 [47] INFO  [Title]:保存CarInfo对象到数据库	[LogContent]:耗时：2729 毫秒
2022-01-18 15:21:44,626 [47] INFO  [Title]:保存SaveData对象到数据库	[LogContent]:耗时：166 毫秒
2022-01-18 15:23:47,545 [29] INFO  [Title]:保存CarInfo对象到数据库	[LogContent]:耗时：2914 毫秒
2022-01-18 15:23:47,706 [29] INFO  [Title]:保存SaveData对象到数据库	[LogContent]:耗时：160 毫秒
2022-01-18 15:25:50,384 [42] INFO  [Title]:保存CarInfo对象到数据库	[LogContent]:耗时：2668 毫秒
2022-01-18 15:25:50,540 [42] INFO  [Title]:保存SaveData对象到数据库	[LogContent]:耗时：155 毫秒
2022-01-18 15:27:53,504 [24] INFO  [Title]:保存CarInfo对象到数据库	[LogContent]:耗时：2950 毫秒
2022-01-18 15:27:53,653 [24] INFO  [Title]:保存SaveData对象到数据库	[LogContent]:耗时：148 毫秒
2022-01-18 15:29:56,766 [47] INFO  [Title]:保存CarInfo对象到数据库	[LogContent]:耗时：3107 毫秒
2022-01-18 15:29:56,950 [47] INFO  [Title]:保存SaveData对象到数据库	[LogContent]:耗时：184 毫秒
2022-01-18 15:31:59,799 [38] INFO  [Title]:保存CarInfo对象到数据库	[LogContent]:耗时：2838 毫秒
2022-01-18 15:31:59,990 [38] INFO  [Title]:保存SaveData对象到数据库	[LogContent]:耗时：190 毫秒
2022-01-18 15:34:02,998 [23] INFO  [Title]:保存CarInfo对象到数据库	[LogContent]:耗时：2999 毫秒
2022-01-18 15:34:03,190 [23] INFO  [Title]:保存SaveData对象到数据库	[LogContent]:耗时：191 毫秒
2022-01-18 15:35:01,439 [1] INFO  [Title]:计算"出炉校验温度合格条数"	[LogContent]:( 360 - 40 )*60/ 10 = 1920 分钟
2022-01-18 15:36:06,183 [42] INFO  [Title]:保存CarInfo对象到数据库	[LogContent]:耗时：2966 毫秒
2022-01-18 15:36:06,331 [42] INFO  [Title]:保存SaveData对象到数据库	[LogContent]:耗时：147 毫秒
2022-01-18 15:36:37,788 [26] INFO  [Title]:真空工位	[LogContent]:腔体1更新小车1的工艺完成时间2022/1/18 15:36:37
2022-01-18 15:36:37,792 [26] INFO  [Title]:出炉校验	[LogContent]:真空一小车1开始校验温度
2022-01-18 15:36:37,858 [26] INFO  [Title]:真空一小车1出炉校验每层分钟数	[LogContent]:314,0,0,0,0,0,0,0,0
2022-01-18 15:36:37,863 [26] INFO  [Title]:真空一出炉校验信息	[LogContent]:小车1有电池层烘烤时长没有达到，差314条数据
2022-01-18 15:37:03,706 [1] INFO  [Title]:保存CarInfo对象到数据库	[LogContent]:耗时：3981 毫秒
2022-01-18 15:37:03,926 [1] INFO  [Title]:保存SaveData对象到数据库	[LogContent]:耗时：221 毫秒
2022-01-18 15:37:03,927 [1] INFO  [Title]:系统关闭！	[LogContent]:备份文件完毕！

 ----------------------InfoLog --------------------------
