
----------------------InfoLog --------------------------
2022-05-31 11:41:27,820 [1] INFO  [Title]:系统启动！	[LogContent]:初始化已完成！
2022-05-31 11:41:32,375 [9] INFO  [Title]:一维扫码枪服务启动	[LogContent]:127.0.0.1 : 8099等待连接
2022-05-31 11:41:37,385 [11] INFO  [Title]:plc连接状态	[LogContent]:断开连接，重连PLC
2022-05-31 11:41:54,403 [6] INFO  [Title]:plc连接状态	[LogContent]:断开连接，重连PLC
2022-05-31 11:42:11,424 [6] INFO  [Title]:plc连接状态	[LogContent]:断开连接，重连PLC
2022-05-31 11:42:28,431 [6] INFO  [Title]:plc连接状态	[LogContent]:断开连接，重连PLC
2022-05-31 11:42:45,448 [13] INFO  [Title]:plc连接状态	[LogContent]:断开连接，重连PLC
2022-05-31 11:42:47,374 [1] INFO  [Title]:保存CarInfo对象到数据库	[LogContent]:耗时：581 毫秒
2022-05-31 11:42:47,398 [1] INFO  [Title]:保存SaveData对象到数据库	[LogContent]:耗时：24 毫秒
2022-05-31 11:42:47,398 [1] INFO  [Title]:系统关闭！	[LogContent]:备份文件完毕！

 ----------------------InfoLog --------------------------

----------------------InfoLog --------------------------
2022-05-31 14:28:03,937 [1] INFO  [Title]:系统启动！	[LogContent]:初始化已完成！
2022-05-31 14:28:08,423 [9] INFO  [Title]:一维扫码枪服务启动	[LogContent]:127.0.0.1 : 8099等待连接
2022-05-31 14:28:13,430 [11] INFO  [Title]:plc连接状态	[LogContent]:断开连接，重连PLC
2022-05-31 14:28:30,450 [12] INFO  [Title]:plc连接状态	[LogContent]:断开连接，重连PLC
2022-05-31 14:28:38,012 [1] INFO  [Title]:保存CarInfo对象到数据库	[LogContent]:耗时：3196 毫秒
2022-05-31 14:28:38,040 [1] INFO  [Title]:保存SaveData对象到数据库	[LogContent]:耗时：27 毫秒
2022-05-31 14:28:38,040 [1] INFO  [Title]:系统关闭！	[LogContent]:备份文件完毕！

 ----------------------InfoLog --------------------------

----------------------InfoLog --------------------------
2022-05-31 14:30:47,301 [1] INFO  [Title]:系统启动！	[LogContent]:初始化已完成！
2022-05-31 14:30:51,947 [9] INFO  [Title]:一维扫码枪服务启动	[LogContent]:127.0.0.1 : 8099等待连接
2022-05-31 14:30:56,948 [4] INFO  [Title]:plc连接状态	[LogContent]:断开连接，重连PLC
2022-05-31 14:31:11,186 [1] INFO  [Title]:保存CarInfo对象到数据库	[LogContent]:耗时：635 毫秒
2022-05-31 14:31:11,218 [1] INFO  [Title]:保存SaveData对象到数据库	[LogContent]:耗时：31 毫秒
2022-05-31 14:31:11,218 [1] INFO  [Title]:系统关闭！	[LogContent]:备份文件完毕！

 ----------------------InfoLog --------------------------

----------------------InfoLog --------------------------
2022-05-31 14:34:31,979 [1] INFO  [Title]:系统启动！	[LogContent]:初始化已完成！
2022-05-31 14:34:36,414 [9] INFO  [Title]:一维扫码枪服务启动	[LogContent]:127.0.0.1 : 8099等待连接
2022-05-31 14:34:41,434 [5] INFO  [Title]:plc连接状态	[LogContent]:断开连接，重连PLC

----------------------InfoLog --------------------------
2022-05-31 14:47:12,106 [1] INFO  [Title]:系统启动！	[LogContent]:初始化已完成！
2022-05-31 14:47:16,612 [9] INFO  [Title]:一维扫码枪服务启动	[LogContent]:127.0.0.1 : 8099等待连接
2022-05-31 14:47:21,622 [4] INFO  [Title]:plc连接状态	[LogContent]:断开连接，重连PLC
2022-05-31 14:47:38,633 [5] INFO  [Title]:plc连接状态	[LogContent]:断开连接，重连PLC
2022-05-31 14:47:47,982 [1] INFO  [Title]:保存CarInfo对象到数据库	[LogContent]:耗时：380 毫秒
2022-05-31 14:47:48,010 [1] INFO  [Title]:保存SaveData对象到数据库	[LogContent]:耗时：27 毫秒
2022-05-31 14:47:48,010 [1] INFO  [Title]:系统关闭！	[LogContent]:备份文件完毕！

 ----------------------InfoLog --------------------------

----------------------InfoLog --------------------------

 ----------------------InfoLog --------------------------

----------------------InfoLog --------------------------
2022-05-31 14:50:12,708 [1] INFO  [Title]:系统启动！	[LogContent]:初始化已完成！
2022-05-31 14:50:17,133 [9] INFO  [Title]:一维扫码枪服务启动	[LogContent]:127.0.0.1 : 8099等待连接
2022-05-31 14:50:22,141 [11] INFO  [Title]:plc连接状态	[LogContent]:断开连接，重连PLC
2022-05-31 14:50:39,151 [13] INFO  [Title]:plc连接状态	[LogContent]:断开连接，重连PLC
2022-05-31 14:50:39,426 [1] INFO  [Title]:保存CarInfo对象到数据库	[LogContent]:耗时：351 毫秒
2022-05-31 14:50:39,451 [1] INFO  [Title]:保存SaveData对象到数据库	[LogContent]:耗时：24 毫秒
2022-05-31 14:50:39,451 [1] INFO  [Title]:系统关闭！	[LogContent]:备份文件完毕！

 ----------------------InfoLog --------------------------

----------------------InfoLog --------------------------
2022-05-31 14:54:50,274 [1] INFO  [Title]:系统启动！	[LogContent]:初始化已完成！
2022-05-31 14:54:54,735 [9] INFO  [Title]:一维扫码枪服务启动	[LogContent]:127.0.0.1 : 8099等待连接
2022-05-31 14:54:59,747 [11] INFO  [Title]:plc连接状态	[LogContent]:断开连接，重连PLC
2022-05-31 14:55:16,766 [12] INFO  [Title]:plc连接状态	[LogContent]:断开连接，重连PLC
2022-05-31 14:55:33,782 [12] INFO  [Title]:plc连接状态	[LogContent]:断开连接，重连PLC
2022-05-31 14:55:42,180 [1] INFO  [Title]:保存CarInfo对象到数据库	[LogContent]:耗时：359 毫秒
2022-05-31 14:55:42,207 [1] INFO  [Title]:保存SaveData对象到数据库	[LogContent]:耗时：26 毫秒
2022-05-31 14:55:42,207 [1] INFO  [Title]:系统关闭！	[LogContent]:备份文件完毕！

 ----------------------InfoLog --------------------------

----------------------InfoLog --------------------------
2022-05-31 15:22:04,049 [1] INFO  [Title]:系统启动！	[LogContent]:初始化已完成！
2022-05-31 15:22:27,569 [9] INFO  [Title]:一维扫码枪服务启动	[LogContent]:127.0.0.1 : 8099等待连接
2022-05-31 15:22:32,581 [12] INFO  [Title]:plc连接状态	[LogContent]:断开连接，重连PLC
2022-05-31 15:22:39,486 [1] INFO  [Title]:保存CarInfo对象到数据库	[LogContent]:耗时：590 毫秒
2022-05-31 15:22:39,514 [1] INFO  [Title]:保存SaveData对象到数据库	[LogContent]:耗时：27 毫秒
2022-05-31 15:22:39,514 [1] INFO  [Title]:系统关闭！	[LogContent]:备份文件完毕！

 ----------------------InfoLog --------------------------

----------------------InfoLog --------------------------
2022-05-31 15:26:31,927 [1] INFO  [Title]:系统启动！	[LogContent]:初始化已完成！
2022-05-31 15:26:55,465 [9] INFO  [Title]:一维扫码枪服务启动	[LogContent]:127.0.0.1 : 8099等待连接
2022-05-31 15:27:00,478 [11] INFO  [Title]:plc连接状态	[LogContent]:断开连接，重连PLC
2022-05-31 15:27:17,484 [12] INFO  [Title]:plc连接状态	[LogContent]:断开连接，重连PLC
2022-05-31 15:27:33,038 [1] INFO  [Title]:保存CarInfo对象到数据库	[LogContent]:耗时：2346 毫秒
2022-05-31 15:27:33,110 [1] INFO  [Title]:保存SaveData对象到数据库	[LogContent]:耗时：70 毫秒
2022-05-31 15:27:33,110 [1] INFO  [Title]:系统关闭！	[LogContent]:备份文件完毕！

 ----------------------InfoLog --------------------------

----------------------InfoLog --------------------------
2022-05-31 15:27:52,614 [1] INFO  [Title]:系统启动！	[LogContent]:初始化已完成！
2022-05-31 15:28:03,783 [1] INFO  [Title]:保存CarInfo对象到数据库	[LogContent]:耗时：386 毫秒
2022-05-31 15:28:03,810 [1] INFO  [Title]:保存SaveData对象到数据库	[LogContent]:耗时：26 毫秒
2022-05-31 15:28:03,810 [1] INFO  [Title]:系统关闭！	[LogContent]:备份文件完毕！

 ----------------------InfoLog --------------------------

----------------------InfoLog --------------------------
2022-05-31 16:01:31,636 [1] INFO  [Title]:系统启动！	[LogContent]:初始化已完成！
2022-05-31 16:01:55,070 [8] INFO  [Title]:一维扫码枪服务启动	[LogContent]:127.0.0.1 : 8099等待连接
2022-05-31 16:02:00,081 [4] INFO  [Title]:plc连接状态	[LogContent]:断开连接，重连PLC
2022-05-31 16:02:17,104 [12] INFO  [Title]:plc连接状态	[LogContent]:断开连接，重连PLC
2022-05-31 16:02:17,537 [1] INFO  [Title]:保存CarInfo对象到数据库	[LogContent]:耗时：1546 毫秒
2022-05-31 16:02:17,563 [1] INFO  [Title]:保存SaveData对象到数据库	[LogContent]:耗时：25 毫秒
2022-05-31 16:02:17,563 [1] INFO  [Title]:系统关闭！	[LogContent]:备份文件完毕！

 ----------------------InfoLog --------------------------

----------------------InfoLog --------------------------
2022-05-31 16:02:28,130 [1] INFO  [Title]:系统启动！	[LogContent]:初始化已完成！
2022-05-31 16:02:51,717 [9] INFO  [Title]:一维扫码枪服务启动	[LogContent]:127.0.0.1 : 8099等待连接
2022-05-31 16:02:56,729 [5] INFO  [Title]:plc连接状态	[LogContent]:断开连接，重连PLC

----------------------InfoLog --------------------------
2022-05-31 16:04:21,349 [1] INFO  [Title]:系统启动！	[LogContent]:初始化已完成！
2022-05-31 16:04:44,867 [9] INFO  [Title]:一维扫码枪服务启动	[LogContent]:127.0.0.1 : 8099等待连接
2022-05-31 16:04:49,879 [11] INFO  [Title]:plc连接状态	[LogContent]:断开连接，重连PLC
2022-05-31 16:05:06,904 [4] INFO  [Title]:plc连接状态	[LogContent]:断开连接，重连PLC
2022-05-31 16:05:23,916 [5] INFO  [Title]:plc连接状态	[LogContent]:断开连接，重连PLC
2022-05-31 16:05:38,271 [1] INFO  [Title]:保存CarInfo对象到数据库	[LogContent]:耗时：389 毫秒
2022-05-31 16:05:38,298 [1] INFO  [Title]:保存SaveData对象到数据库	[LogContent]:耗时：26 毫秒
2022-05-31 16:05:38,298 [1] INFO  [Title]:系统关闭！	[LogContent]:备份文件完毕！

 ----------------------InfoLog --------------------------

----------------------InfoLog --------------------------
2022-05-31 16:14:11,491 [1] INFO  [Title]:系统启动！	[LogContent]:初始化已完成！
2022-05-31 16:14:34,844 [8] INFO  [Title]:一维扫码枪服务启动	[LogContent]:127.0.0.1 : 8099等待连接
2022-05-31 16:14:39,857 [11] INFO  [Title]:plc连接状态	[LogContent]:断开连接，重连PLC
2022-05-31 16:14:43,944 [1] INFO  [Title]:保存CarInfo对象到数据库	[LogContent]:耗时：316 毫秒
2022-05-31 16:14:43,967 [1] INFO  [Title]:保存SaveData对象到数据库	[LogContent]:耗时：22 毫秒
2022-05-31 16:14:43,967 [1] INFO  [Title]:系统关闭！	[LogContent]:备份文件完毕！

 ----------------------InfoLog --------------------------

----------------------InfoLog --------------------------
2022-05-31 16:18:42,583 [1] INFO  [Title]:系统启动！	[LogContent]:初始化已完成！
2022-05-31 16:19:03,561 [1] INFO  [Title]:保存CarInfo对象到数据库	[LogContent]:耗时：2518 毫秒
2022-05-31 16:19:03,736 [1] INFO  [Title]:保存SaveData对象到数据库	[LogContent]:耗时：174 毫秒
2022-05-31 16:19:03,736 [1] INFO  [Title]:系统关闭！	[LogContent]:备份文件完毕！

 ----------------------InfoLog --------------------------

----------------------InfoLog --------------------------
2022-05-31 16:20:14,101 [1] INFO  [Title]:系统启动！	[LogContent]:初始化已完成！
2022-05-31 16:20:29,707 [1] INFO  [Title]:保存CarInfo对象到数据库	[LogContent]:耗时：391 毫秒
2022-05-31 16:20:29,733 [1] INFO  [Title]:保存SaveData对象到数据库	[LogContent]:耗时：25 毫秒
2022-05-31 16:20:29,733 [1] INFO  [Title]:系统关闭！	[LogContent]:备份文件完毕！

 ----------------------InfoLog --------------------------

----------------------InfoLog --------------------------
2022-05-31 16:21:00,908 [1] INFO  [Title]:系统启动！	[LogContent]:初始化已完成！
2022-05-31 16:21:13,382 [1] INFO  [Title]:保存CarInfo对象到数据库	[LogContent]:耗时：316 毫秒
2022-05-31 16:21:13,407 [1] INFO  [Title]:保存SaveData对象到数据库	[LogContent]:耗时：24 毫秒
2022-05-31 16:21:13,407 [1] INFO  [Title]:系统关闭！	[LogContent]:备份文件完毕！

 ----------------------InfoLog --------------------------

----------------------InfoLog --------------------------
2022-05-31 16:22:21,726 [1] INFO  [Title]:系统启动！	[LogContent]:初始化已完成！
2022-05-31 16:22:45,221 [8] INFO  [Title]:一维扫码枪服务启动	[LogContent]:127.0.0.1 : 8099等待连接
2022-05-31 16:22:50,235 [4] INFO  [Title]:plc连接状态	[LogContent]:断开连接，重连PLC
2022-05-31 16:23:07,249 [11] INFO  [Title]:plc连接状态	[LogContent]:断开连接，重连PLC
2022-05-31 16:23:18,162 [1] INFO  [Title]:保存CarInfo对象到数据库	[LogContent]:耗时：2848 毫秒
2022-05-31 16:23:18,192 [1] INFO  [Title]:保存SaveData对象到数据库	[LogContent]:耗时：30 毫秒
2022-05-31 16:23:18,192 [1] INFO  [Title]:系统关闭！	[LogContent]:备份文件完毕！

 ----------------------InfoLog --------------------------

----------------------InfoLog --------------------------
2022-05-31 16:26:33,376 [1] INFO  [Title]:系统启动！	[LogContent]:初始化已完成！
2022-05-31 16:26:55,375 [1] INFO  [Title]:保存CarInfo对象到数据库	[LogContent]:耗时：324 毫秒
2022-05-31 16:26:55,399 [1] INFO  [Title]:保存SaveData对象到数据库	[LogContent]:耗时：23 毫秒
2022-05-31 16:26:55,399 [1] INFO  [Title]:系统关闭！	[LogContent]:备份文件完毕！

 ----------------------InfoLog --------------------------

----------------------InfoLog --------------------------
2022-05-31 16:27:26,977 [1] INFO  [Title]:系统启动！	[LogContent]:初始化已完成！
2022-05-31 16:27:47,297 [1] INFO  [Title]:保存CarInfo对象到数据库	[LogContent]:耗时：3449 毫秒
2022-05-31 16:27:47,320 [1] INFO  [Title]:保存SaveData对象到数据库	[LogContent]:耗时：22 毫秒
2022-05-31 16:27:47,320 [1] INFO  [Title]:系统关闭！	[LogContent]:备份文件完毕！

 ----------------------InfoLog --------------------------

----------------------InfoLog --------------------------
2022-05-31 16:29:00,082 [1] INFO  [Title]:系统启动！	[LogContent]:初始化已完成！
2022-05-31 16:29:23,626 [9] INFO  [Title]:一维扫码枪服务启动	[LogContent]:127.0.0.1 : 8099等待连接
2022-05-31 16:29:28,634 [12] INFO  [Title]:plc连接状态	[LogContent]:断开连接，重连PLC
2022-05-31 16:29:45,650 [4] INFO  [Title]:plc连接状态	[LogContent]:断开连接，重连PLC
2022-05-31 16:29:51,088 [1] INFO  [Title]:保存CarInfo对象到数据库	[LogContent]:耗时：582 毫秒
2022-05-31 16:29:51,111 [1] INFO  [Title]:保存SaveData对象到数据库	[LogContent]:耗时：23 毫秒
2022-05-31 16:29:51,111 [1] INFO  [Title]:系统关闭！	[LogContent]:备份文件完毕！

 ----------------------InfoLog --------------------------

----------------------InfoLog --------------------------
2022-05-31 16:31:10,540 [1] INFO  [Title]:系统启动！	[LogContent]:初始化已完成！
2022-05-31 16:31:34,042 [9] INFO  [Title]:一维扫码枪服务启动	[LogContent]:127.0.0.1 : 8099等待连接
2022-05-31 16:31:39,054 [11] INFO  [Title]:plc连接状态	[LogContent]:断开连接，重连PLC
2022-05-31 16:31:47,507 [1] INFO  [Title]:保存CarInfo对象到数据库	[LogContent]:耗时：3232 毫秒
2022-05-31 16:31:47,534 [1] INFO  [Title]:保存SaveData对象到数据库	[LogContent]:耗时：26 毫秒
2022-05-31 16:31:47,534 [1] INFO  [Title]:系统关闭！	[LogContent]:备份文件完毕！

 ----------------------InfoLog --------------------------

----------------------InfoLog --------------------------
2022-05-31 16:35:16,782 [1] INFO  [Title]:系统启动！	[LogContent]:初始化已完成！
2022-05-31 16:35:40,283 [8] INFO  [Title]:一维扫码枪服务启动	[LogContent]:127.0.0.1 : 8099等待连接
2022-05-31 16:35:45,292 [4] INFO  [Title]:plc连接状态	[LogContent]:断开连接，重连PLC
2022-05-31 16:35:48,569 [1] INFO  [Title]:保存CarInfo对象到数据库	[LogContent]:耗时：596 毫秒
2022-05-31 16:35:48,595 [1] INFO  [Title]:保存SaveData对象到数据库	[LogContent]:耗时：25 毫秒
2022-05-31 16:35:48,595 [1] INFO  [Title]:系统关闭！	[LogContent]:备份文件完毕！

 ----------------------InfoLog --------------------------

----------------------InfoLog --------------------------
2022-05-31 16:45:02,772 [1] INFO  [Title]:系统启动！	[LogContent]:初始化已完成！
2022-05-31 16:45:07,451 [9] INFO  [Title]:一维扫码枪服务启动	[LogContent]:127.0.0.1 : 8099等待连接
2022-05-31 16:45:12,463 [5] INFO  [Title]:plc连接状态	[LogContent]:断开连接，重连PLC
2022-05-31 16:45:29,485 [5] INFO  [Title]:plc连接状态	[LogContent]:断开连接，重连PLC
2022-05-31 16:45:46,503 [5] INFO  [Title]:plc连接状态	[LogContent]:断开连接，重连PLC
2022-05-31 16:46:03,509 [11] INFO  [Title]:plc连接状态	[LogContent]:断开连接，重连PLC
2022-05-31 16:46:20,525 [5] INFO  [Title]:plc连接状态	[LogContent]:断开连接，重连PLC
2022-05-31 16:46:37,542 [5] INFO  [Title]:plc连接状态	[LogContent]:断开连接，重连PLC
2022-05-31 16:46:54,557 [12] INFO  [Title]:plc连接状态	[LogContent]:断开连接，重连PLC
2022-05-31 16:47:07,875 [16] INFO  [Title]:保存CarInfo对象到数据库	[LogContent]:耗时：394 毫秒
2022-05-31 16:47:07,903 [16] INFO  [Title]:保存SaveData对象到数据库	[LogContent]:耗时：27 毫秒
2022-05-31 16:47:11,570 [5] INFO  [Title]:plc连接状态	[LogContent]:断开连接，重连PLC
2022-05-31 16:47:28,574 [14] INFO  [Title]:plc连接状态	[LogContent]:断开连接，重连PLC
2022-05-31 16:47:45,587 [17] INFO  [Title]:plc连接状态	[LogContent]:断开连接，重连PLC
2022-05-31 16:48:02,602 [12] INFO  [Title]:plc连接状态	[LogContent]:断开连接，重连PLC
2022-05-31 16:48:19,604 [16] INFO  [Title]:plc连接状态	[LogContent]:断开连接，重连PLC
2022-05-31 16:48:36,618 [14] INFO  [Title]:plc连接状态	[LogContent]:断开连接，重连PLC
2022-05-31 16:48:53,634 [14] INFO  [Title]:plc连接状态	[LogContent]:断开连接，重连PLC
2022-05-31 16:49:10,650 [14] INFO  [Title]:plc连接状态	[LogContent]:断开连接，重连PLC
2022-05-31 16:49:11,447 [5] INFO  [Title]:保存CarInfo对象到数据库	[LogContent]:耗时：3532 毫秒
2022-05-31 16:49:11,471 [5] INFO  [Title]:保存SaveData对象到数据库	[LogContent]:耗时：24 毫秒
2022-05-31 16:49:27,665 [14] INFO  [Title]:plc连接状态	[LogContent]:断开连接，重连PLC
2022-05-31 16:49:44,683 [12] INFO  [Title]:plc连接状态	[LogContent]:断开连接，重连PLC
2022-05-31 16:50:01,698 [14] INFO  [Title]:plc连接状态	[LogContent]:断开连接，重连PLC
2022-05-31 16:50:18,713 [18] INFO  [Title]:plc连接状态	[LogContent]:断开连接，重连PLC
2022-05-31 16:50:35,727 [18] INFO  [Title]:plc连接状态	[LogContent]:断开连接，重连PLC
2022-05-31 16:50:47,730 [18] INFO  [Title]:plc连接状态	[LogContent]:断开连接，重连PLC失败！请检查线路后，重启上位机！
2022-05-31 16:50:52,762 [19] INFO  [Title]:plc连接状态	[LogContent]:断开连接，重连PLC
2022-05-31 16:51:09,778 [12] INFO  [Title]:plc连接状态	[LogContent]:断开连接，重连PLC
2022-05-31 16:51:11,870 [16] INFO  [Title]:保存CarInfo对象到数据库	[LogContent]:耗时：388 毫秒
2022-05-31 16:51:11,892 [16] INFO  [Title]:保存SaveData对象到数据库	[LogContent]:耗时：22 毫秒
2022-05-31 16:51:26,793 [16] INFO  [Title]:plc连接状态	[LogContent]:断开连接，重连PLC
2022-05-31 16:51:43,808 [16] INFO  [Title]:plc连接状态	[LogContent]:断开连接，重连PLC
2022-05-31 16:52:00,821 [16] INFO  [Title]:plc连接状态	[LogContent]:断开连接，重连PLC
2022-05-31 16:52:11,541 [1] INFO  [Title]:保存CarInfo对象到数据库	[LogContent]:耗时：350 毫秒
2022-05-31 16:52:11,566 [1] INFO  [Title]:保存SaveData对象到数据库	[LogContent]:耗时：24 毫秒
2022-05-31 16:52:11,566 [1] INFO  [Title]:系统关闭！	[LogContent]:备份文件完毕！

 ----------------------InfoLog --------------------------

----------------------InfoLog --------------------------
2022-05-31 16:52:17,382 [1] INFO  [Title]:系统启动！	[LogContent]:初始化已完成！
2022-05-31 16:52:21,807 [9] INFO  [Title]:一维扫码枪服务启动	[LogContent]:127.0.0.1 : 8099等待连接
2022-05-31 16:52:26,817 [5] INFO  [Title]:plc连接状态	[LogContent]:断开连接，重连PLC
2022-05-31 16:52:43,839 [5] INFO  [Title]:plc连接状态	[LogContent]:断开连接，重连PLC
2022-05-31 16:52:58,795 [1] INFO  [Title]:保存CarInfo对象到数据库	[LogContent]:耗时：2542 毫秒
2022-05-31 16:52:58,821 [1] INFO  [Title]:保存SaveData对象到数据库	[LogContent]:耗时：25 毫秒
2022-05-31 16:52:58,821 [1] INFO  [Title]:系统关闭！	[LogContent]:备份文件完毕！

 ----------------------InfoLog --------------------------

----------------------InfoLog --------------------------
2022-05-31 16:57:31,769 [1] INFO  [Title]:系统启动！	[LogContent]:初始化已完成！
2022-05-31 16:57:37,035 [9] INFO  [Title]:一维扫码枪服务启动	[LogContent]:127.0.0.1 : 8099等待连接
2022-05-31 16:57:42,033 [4] INFO  [Title]:plc连接状态	[LogContent]:断开连接，重连PLC
2022-05-31 16:57:59,052 [4] INFO  [Title]:plc连接状态	[LogContent]:断开连接，重连PLC
2022-05-31 16:58:16,072 [4] INFO  [Title]:plc连接状态	[LogContent]:断开连接，重连PLC
2022-05-31 16:58:26,428 [1] INFO  [Title]:手动扫码信息	[LogContent]:扫码信息保存成功12345678999999 
2022-05-31 16:58:33,079 [11] INFO  [Title]:plc连接状态	[LogContent]:断开连接，重连PLC
2022-05-31 16:58:50,094 [14] INFO  [Title]:plc连接状态	[LogContent]:断开连接，重连PLC
2022-05-31 16:59:07,110 [16] INFO  [Title]:plc连接状态	[LogContent]:断开连接，重连PLC
2022-05-31 16:59:24,124 [11] INFO  [Title]:plc连接状态	[LogContent]:断开连接，重连PLC
2022-05-31 16:59:37,693 [14] INFO  [Title]:保存CarInfo对象到数据库	[LogContent]:耗时：654 毫秒
2022-05-31 16:59:37,721 [14] INFO  [Title]:保存SaveData对象到数据库	[LogContent]:耗时：27 毫秒
2022-05-31 16:59:41,138 [5] INFO  [Title]:plc连接状态	[LogContent]:断开连接，重连PLC
2022-05-31 16:59:58,154 [14] INFO  [Title]:plc连接状态	[LogContent]:断开连接，重连PLC
2022-05-31 17:00:07,145 [1] INFO  [Title]:手动扫码信息	[LogContent]:扫码信息保存成功111111111111111111 
2022-05-31 17:00:15,172 [14] INFO  [Title]:plc连接状态	[LogContent]:断开连接，重连PLC
2022-05-31 17:00:32,186 [5] INFO  [Title]:plc连接状态	[LogContent]:断开连接，重连PLC
2022-05-31 17:00:49,202 [5] INFO  [Title]:plc连接状态	[LogContent]:断开连接，重连PLC
2022-05-31 17:00:49,683 [1] INFO  [Title]:保存CarInfo对象到数据库	[LogContent]:耗时：392 毫秒
2022-05-31 17:00:49,708 [1] INFO  [Title]:保存SaveData对象到数据库	[LogContent]:耗时：25 毫秒
2022-05-31 17:00:49,708 [1] INFO  [Title]:系统关闭！	[LogContent]:备份文件完毕！

 ----------------------InfoLog --------------------------

----------------------InfoLog --------------------------
2022-05-31 17:04:30,794 [1] INFO  [Title]:系统启动！	[LogContent]:初始化已完成！
2022-05-31 17:04:35,369 [9] INFO  [Title]:一维扫码枪服务启动	[LogContent]:127.0.0.1 : 8099等待连接
2022-05-31 17:04:40,382 [4] INFO  [Title]:plc连接状态	[LogContent]:断开连接，重连PLC
2022-05-31 17:04:49,381 [1] INFO  [Title]:手动扫码信息	[LogContent]:扫码信息保存成功12121212 
2022-05-31 17:04:57,390 [4] INFO  [Title]:plc连接状态	[LogContent]:断开连接，重连PLC
2022-05-31 17:05:14,404 [4] INFO  [Title]:plc连接状态	[LogContent]:断开连接，重连PLC
2022-05-31 17:05:31,420 [5] INFO  [Title]:plc连接状态	[LogContent]:断开连接，重连PLC
